2020-04-28 10:14:25 ERROR springAppName_IS_UNDEFINED main com.alibaba.nacos.client.config.http.ServerHttpAgent [NACOS SocketTimeoutException httpGet] currentServerAddr:http://localhost:8848， err : connect timed out
2020-04-28 10:14:27 ERROR springAppName_IS_UNDEFINED main com.alibaba.nacos.client.config.http.ServerHttpAgent [NACOS SocketTimeoutException httpGet] currentServerAddr:http://localhost:8848， err : connect timed out
2020-04-28 10:14:27 ERROR springAppName_IS_UNDEFINED main com.alibaba.nacos.client.config.http.ServerHttpAgent no available server
2020-04-28 10:14:27 ERROR springAppName_IS_UNDEFINED main com.alibaba.nacos.client.config.impl.ClientWorker [fixed-localhost_8848] [sub-server] get server config exception, dataId=null.properties, group=DEFAULT_GROUP, tenant=
java.net.ConnectException: no available server
	at com.alibaba.nacos.client.config.http.ServerHttpAgent.httpGet(ServerHttpAgent.java:123)
	at com.alibaba.nacos.client.config.http.MetricsHttpAgent.httpGet(MetricsHttpAgent.java:48)
	at com.alibaba.nacos.client.config.impl.ClientWorker.getServerConfig(ClientWorker.java:230)
	at com.alibaba.nacos.client.config.NacosConfigService.getConfigInner(NacosConfigService.java:143)
	at com.alibaba.nacos.client.config.NacosConfigService.getConfig(NacosConfigService.java:92)
	at com.alibaba.cloud.nacos.client.NacosPropertySourceBuilder.loadNacosData(NacosPropertySourceBuilder.java:85)
	at com.alibaba.cloud.nacos.client.NacosPropertySourceBuilder.build(NacosPropertySourceBuilder.java:74)
	at com.alibaba.cloud.nacos.client.NacosPropertySourceLocator.loadNacosPropertySource(NacosPropertySourceLocator.java:204)
	at com.alibaba.cloud.nacos.client.NacosPropertySourceLocator.loadNacosDataIfPresent(NacosPropertySourceLocator.java:191)
	at com.alibaba.cloud.nacos.client.NacosPropertySourceLocator.loadApplicationConfiguration(NacosPropertySourceLocator.java:145)
	at com.alibaba.cloud.nacos.client.NacosPropertySourceLocator.locate(NacosPropertySourceLocator.java:103)
	at org.springframework.cloud.bootstrap.config.PropertySourceBootstrapConfiguration.initialize(PropertySourceBootstrapConfiguration.java:98)
	at org.springframework.boot.SpringApplication.applyInitializers(SpringApplication.java:626)
	at org.springframework.boot.SpringApplication.prepareContext(SpringApplication.java:370)
	at org.springframework.boot.SpringApplication.run(SpringApplication.java:314)
	at org.springframework.boot.SpringApplication.run(SpringApplication.java:1226)
	at org.springframework.boot.SpringApplication.run(SpringApplication.java:1215)
	at cc.seven.tx.manager.SevenTxManagerApplication.main(SevenTxManagerApplication.java:17)
2020-04-28 10:14:46 ERROR springAppName_IS_UNDEFINED com.alibaba.nacos.client.Worker.longPolling.fixed-localhost_8848 com.alibaba.nacos.client.config.http.ServerHttpAgent [NACOS ConnectException httpPost] currentServerAddr: http://localhost:8848, err : Connection refused: connect
2020-04-28 10:14:50 ERROR springAppName_IS_UNDEFINED com.alibaba.nacos.client.Worker.longPolling.fixed-localhost_8848 com.alibaba.nacos.client.config.http.ServerHttpAgent [NACOS ConnectException httpPost] currentServerAddr: http://localhost:8848, err : Connection refused: connect
2020-04-28 10:14:54 ERROR springAppName_IS_UNDEFINED com.alibaba.nacos.client.Worker.longPolling.fixed-localhost_8848 com.alibaba.nacos.client.config.http.ServerHttpAgent [NACOS ConnectException httpPost] currentServerAddr: http://localhost:8848, err : Connection refused: connect
2020-04-28 10:14:58 ERROR springAppName_IS_UNDEFINED com.alibaba.nacos.client.Worker.longPolling.fixed-localhost_8848 com.alibaba.nacos.client.config.http.ServerHttpAgent [NACOS ConnectException httpPost] currentServerAddr: http://localhost:8848, err : Connection refused: connect
2020-04-28 10:14:58 ERROR springAppName_IS_UNDEFINED com.alibaba.nacos.client.Worker.longPolling.fixed-localhost_8848 com.alibaba.nacos.client.config.impl.ClientWorker [fixed-localhost_8848] [check-update] get changed dataId exception
java.net.ConnectException: [NACOS HTTP-POST] The maximum number of tolerable server reconnection errors has been reached
	at com.alibaba.nacos.client.config.http.ServerHttpAgent.httpPost(ServerHttpAgent.java:170)
	at com.alibaba.nacos.client.config.http.MetricsHttpAgent.httpPost(MetricsHttpAgent.java:64)
	at com.alibaba.nacos.client.config.impl.ClientWorker.checkUpdateConfigStr(ClientWorker.java:386)
	at com.alibaba.nacos.client.config.impl.ClientWorker.checkUpdateDataIds(ClientWorker.java:354)
	at com.alibaba.nacos.client.config.impl.ClientWorker$LongPollingRunnable.run(ClientWorker.java:521)
	at java.util.concurrent.Executors$RunnableAdapter.call(Executors.java:511)
	at java.util.concurrent.FutureTask.run$$$capture(FutureTask.java:266)
	at java.util.concurrent.FutureTask.run(FutureTask.java)
	at java.util.concurrent.ScheduledThreadPoolExecutor$ScheduledFutureTask.access$201(ScheduledThreadPoolExecutor.java:180)
	at java.util.concurrent.ScheduledThreadPoolExecutor$ScheduledFutureTask.run(ScheduledThreadPoolExecutor.java:293)
	at java.util.concurrent.ThreadPoolExecutor.runWorker(ThreadPoolExecutor.java:1149)
	at java.util.concurrent.ThreadPoolExecutor$Worker.run(ThreadPoolExecutor.java:624)
	at java.lang.Thread.run(Thread.java:748)
2020-04-28 10:14:58 ERROR springAppName_IS_UNDEFINED com.alibaba.nacos.client.Worker.longPolling.fixed-localhost_8848 com.alibaba.nacos.client.config.impl.ClientWorker longPolling error : 
java.net.ConnectException: [NACOS HTTP-POST] The maximum number of tolerable server reconnection errors has been reached
	at com.alibaba.nacos.client.config.http.ServerHttpAgent.httpPost(ServerHttpAgent.java:170)
	at com.alibaba.nacos.client.config.http.MetricsHttpAgent.httpPost(MetricsHttpAgent.java:64)
	at com.alibaba.nacos.client.config.impl.ClientWorker.checkUpdateConfigStr(ClientWorker.java:386)
	at com.alibaba.nacos.client.config.impl.ClientWorker.checkUpdateDataIds(ClientWorker.java:354)
	at com.alibaba.nacos.client.config.impl.ClientWorker$LongPollingRunnable.run(ClientWorker.java:521)
	at java.util.concurrent.Executors$RunnableAdapter.call(Executors.java:511)
	at java.util.concurrent.FutureTask.run$$$capture(FutureTask.java:266)
	at java.util.concurrent.FutureTask.run(FutureTask.java)
	at java.util.concurrent.ScheduledThreadPoolExecutor$ScheduledFutureTask.access$201(ScheduledThreadPoolExecutor.java:180)
	at java.util.concurrent.ScheduledThreadPoolExecutor$ScheduledFutureTask.run(ScheduledThreadPoolExecutor.java:293)
	at java.util.concurrent.ThreadPoolExecutor.runWorker(ThreadPoolExecutor.java:1149)
	at java.util.concurrent.ThreadPoolExecutor$Worker.run(ThreadPoolExecutor.java:624)
	at java.lang.Thread.run(Thread.java:748)
2020-04-28 10:15:04 ERROR springAppName_IS_UNDEFINED com.alibaba.nacos.client.Worker.longPolling.fixed-localhost_8848 com.alibaba.nacos.client.config.http.ServerHttpAgent [NACOS ConnectException httpPost] currentServerAddr: http://localhost:8848, err : Connection refused: connect
2020-04-28 10:15:08 ERROR springAppName_IS_UNDEFINED com.alibaba.nacos.client.Worker.longPolling.fixed-localhost_8848 com.alibaba.nacos.client.config.http.ServerHttpAgent [NACOS ConnectException httpPost] currentServerAddr: http://localhost:8848, err : Connection refused: connect
2020-04-28 10:15:12 ERROR springAppName_IS_UNDEFINED com.alibaba.nacos.client.Worker.longPolling.fixed-localhost_8848 com.alibaba.nacos.client.config.http.ServerHttpAgent [NACOS ConnectException httpPost] currentServerAddr: http://localhost:8848, err : Connection refused: connect
2020-04-28 10:15:16 ERROR springAppName_IS_UNDEFINED com.alibaba.nacos.client.Worker.longPolling.fixed-localhost_8848 com.alibaba.nacos.client.config.http.ServerHttpAgent [NACOS ConnectException httpPost] currentServerAddr: http://localhost:8848, err : Connection refused: connect
2020-04-28 10:15:16 ERROR springAppName_IS_UNDEFINED com.alibaba.nacos.client.Worker.longPolling.fixed-localhost_8848 com.alibaba.nacos.client.config.impl.ClientWorker [fixed-localhost_8848] [check-update] get changed dataId exception
java.net.ConnectException: [NACOS HTTP-POST] The maximum number of tolerable server reconnection errors has been reached
	at com.alibaba.nacos.client.config.http.ServerHttpAgent.httpPost(ServerHttpAgent.java:170)
	at com.alibaba.nacos.client.config.http.MetricsHttpAgent.httpPost(MetricsHttpAgent.java:64)
	at com.alibaba.nacos.client.config.impl.ClientWorker.checkUpdateConfigStr(ClientWorker.java:386)
	at com.alibaba.nacos.client.config.impl.ClientWorker.checkUpdateDataIds(ClientWorker.java:354)
	at com.alibaba.nacos.client.config.impl.ClientWorker$LongPollingRunnable.run(ClientWorker.java:521)
	at java.util.concurrent.Executors$RunnableAdapter.call(Executors.java:511)
	at java.util.concurrent.FutureTask.run$$$capture(FutureTask.java:266)
	at java.util.concurrent.FutureTask.run(FutureTask.java)
	at java.util.concurrent.ScheduledThreadPoolExecutor$ScheduledFutureTask.access$201(ScheduledThreadPoolExecutor.java:180)
	at java.util.concurrent.ScheduledThreadPoolExecutor$ScheduledFutureTask.run(ScheduledThreadPoolExecutor.java:293)
	at java.util.concurrent.ThreadPoolExecutor.runWorker(ThreadPoolExecutor.java:1149)
	at java.util.concurrent.ThreadPoolExecutor$Worker.run(ThreadPoolExecutor.java:624)
	at java.lang.Thread.run(Thread.java:748)
2020-04-28 10:15:16 ERROR springAppName_IS_UNDEFINED com.alibaba.nacos.client.Worker.longPolling.fixed-localhost_8848 com.alibaba.nacos.client.config.impl.ClientWorker longPolling error : 
java.net.ConnectException: [NACOS HTTP-POST] The maximum number of tolerable server reconnection errors has been reached
	at com.alibaba.nacos.client.config.http.ServerHttpAgent.httpPost(ServerHttpAgent.java:170)
	at com.alibaba.nacos.client.config.http.MetricsHttpAgent.httpPost(MetricsHttpAgent.java:64)
	at com.alibaba.nacos.client.config.impl.ClientWorker.checkUpdateConfigStr(ClientWorker.java:386)
	at com.alibaba.nacos.client.config.impl.ClientWorker.checkUpdateDataIds(ClientWorker.java:354)
	at com.alibaba.nacos.client.config.impl.ClientWorker$LongPollingRunnable.run(ClientWorker.java:521)
	at java.util.concurrent.Executors$RunnableAdapter.call(Executors.java:511)
	at java.util.concurrent.FutureTask.run$$$capture(FutureTask.java:266)
	at java.util.concurrent.FutureTask.run(FutureTask.java)
	at java.util.concurrent.ScheduledThreadPoolExecutor$ScheduledFutureTask.access$201(ScheduledThreadPoolExecutor.java:180)
	at java.util.concurrent.ScheduledThreadPoolExecutor$ScheduledFutureTask.run(ScheduledThreadPoolExecutor.java:293)
	at java.util.concurrent.ThreadPoolExecutor.runWorker(ThreadPoolExecutor.java:1149)
	at java.util.concurrent.ThreadPoolExecutor$Worker.run(ThreadPoolExecutor.java:624)
	at java.lang.Thread.run(Thread.java:748)
2020-04-28 10:15:22 ERROR springAppName_IS_UNDEFINED com.alibaba.nacos.client.Worker.longPolling.fixed-localhost_8848 com.alibaba.nacos.client.config.http.ServerHttpAgent [NACOS ConnectException httpPost] currentServerAddr: http://localhost:8848, err : Connection refused: connect
2020-04-28 10:16:01 ERROR springAppName_IS_UNDEFINED main com.alibaba.nacos.client.config.http.ServerHttpAgent [NACOS SocketTimeoutException httpGet] currentServerAddr:http://localhost:8848， err : connect timed out
2020-04-28 10:16:03 ERROR springAppName_IS_UNDEFINED main com.alibaba.nacos.client.config.http.ServerHttpAgent [NACOS SocketTimeoutException httpGet] currentServerAddr:http://localhost:8848， err : connect timed out
2020-04-28 10:16:03 ERROR springAppName_IS_UNDEFINED main com.alibaba.nacos.client.config.http.ServerHttpAgent no available server
2020-04-28 10:16:03 ERROR springAppName_IS_UNDEFINED main com.alibaba.nacos.client.config.impl.ClientWorker [fixed-localhost_8848] [sub-server] get server config exception, dataId=null.properties, group=DEFAULT_GROUP, tenant=
java.net.ConnectException: no available server
	at com.alibaba.nacos.client.config.http.ServerHttpAgent.httpGet(ServerHttpAgent.java:123)
	at com.alibaba.nacos.client.config.http.MetricsHttpAgent.httpGet(MetricsHttpAgent.java:48)
	at com.alibaba.nacos.client.config.impl.ClientWorker.getServerConfig(ClientWorker.java:230)
	at com.alibaba.nacos.client.config.NacosConfigService.getConfigInner(NacosConfigService.java:143)
	at com.alibaba.nacos.client.config.NacosConfigService.getConfig(NacosConfigService.java:92)
	at com.alibaba.cloud.nacos.client.NacosPropertySourceBuilder.loadNacosData(NacosPropertySourceBuilder.java:85)
	at com.alibaba.cloud.nacos.client.NacosPropertySourceBuilder.build(NacosPropertySourceBuilder.java:74)
	at com.alibaba.cloud.nacos.client.NacosPropertySourceLocator.loadNacosPropertySource(NacosPropertySourceLocator.java:204)
	at com.alibaba.cloud.nacos.client.NacosPropertySourceLocator.loadNacosDataIfPresent(NacosPropertySourceLocator.java:191)
	at com.alibaba.cloud.nacos.client.NacosPropertySourceLocator.loadApplicationConfiguration(NacosPropertySourceLocator.java:145)
	at com.alibaba.cloud.nacos.client.NacosPropertySourceLocator.locate(NacosPropertySourceLocator.java:103)
	at org.springframework.cloud.bootstrap.config.PropertySourceBootstrapConfiguration.initialize(PropertySourceBootstrapConfiguration.java:98)
	at org.springframework.boot.SpringApplication.applyInitializers(SpringApplication.java:626)
	at org.springframework.boot.SpringApplication.prepareContext(SpringApplication.java:370)
	at org.springframework.boot.SpringApplication.run(SpringApplication.java:314)
	at org.springframework.boot.SpringApplication.run(SpringApplication.java:1226)
	at org.springframework.boot.SpringApplication.run(SpringApplication.java:1215)
	at cc.seven.tx.manager.SevenTxManagerApplication.main(SevenTxManagerApplication.java:17)
2020-04-28 10:16:16 ERROR springAppName_IS_UNDEFINED com.alibaba.nacos.client.Worker.longPolling.fixed-localhost_8848 com.alibaba.nacos.client.config.http.ServerHttpAgent [NACOS ConnectException httpPost] currentServerAddr: http://localhost:8848, err : Connection refused: connect
2020-04-28 10:16:21 ERROR springAppName_IS_UNDEFINED com.alibaba.nacos.client.Worker.longPolling.fixed-localhost_8848 com.alibaba.nacos.client.config.http.ServerHttpAgent [NACOS ConnectException httpPost] currentServerAddr: http://localhost:8848, err : Connection refused: connect
