2020-04-26 16:14:34 INFO  SEVEN-Server-System main org.springframework.context.support.PostProcessorRegistrationDelegate$BeanPostProcessorChecker Bean 'org.springframework.cloud.autoconfigure.ConfigurationPropertiesRebinderAutoConfiguration' of type [org.springframework.cloud.autoconfigure.ConfigurationPropertiesRebinderAutoConfiguration] is not eligible for getting processed by all BeanPostProcessors (for example: not eligible for auto-proxying)
2020-04-26 16:14:35 INFO  SEVEN-Server-System main com.alibaba.nacos.client.config.impl.LocalConfigInfoProcessor LOCAL_SNAPSHOT_PATH:C:\Users\chendongdong\nacos\config
2020-04-26 16:14:35 INFO  SEVEN-Server-System main com.alibaba.nacos.client.config.impl.Limiter limitTime:5.0
2020-04-26 16:14:36 INFO  SEVEN-Server-System main org.springframework.cloud.bootstrap.config.PropertySourceBootstrapConfiguration Located property source: CompositePropertySource {name='NACOS', propertySources=[NacosPropertySource {name='febs-server-system-dev.yaml,DEFAULT_GROUP'}, NacosPropertySource {name='febs-server-system.yaml,DEFAULT_GROUP'}, NacosPropertySource {name='febs-server-system,DEFAULT_GROUP'}]}
2020-04-26 16:14:36 INFO  SEVEN-Server-System main cc.seven.admin.SevenAdminApplication The following profiles are active: dev
2020-04-26 16:16:42 INFO  SEVEN-Server-System main org.springframework.context.support.PostProcessorRegistrationDelegate$BeanPostProcessorChecker Bean 'org.springframework.cloud.autoconfigure.ConfigurationPropertiesRebinderAutoConfiguration' of type [org.springframework.cloud.autoconfigure.ConfigurationPropertiesRebinderAutoConfiguration] is not eligible for getting processed by all BeanPostProcessors (for example: not eligible for auto-proxying)
2020-04-26 16:16:43 INFO  SEVEN-Server-System main com.alibaba.nacos.client.config.impl.LocalConfigInfoProcessor LOCAL_SNAPSHOT_PATH:C:\Users\chendongdong\nacos\config
2020-04-26 16:16:43 INFO  SEVEN-Server-System main com.alibaba.nacos.client.config.impl.Limiter limitTime:5.0
2020-04-26 16:16:44 INFO  SEVEN-Server-System main org.springframework.cloud.bootstrap.config.PropertySourceBootstrapConfiguration Located property source: CompositePropertySource {name='NACOS', propertySources=[NacosPropertySource {name='febs-server-system-dev.yaml,DEFAULT_GROUP'}, NacosPropertySource {name='febs-server-system.yaml,DEFAULT_GROUP'}, NacosPropertySource {name='febs-server-system,DEFAULT_GROUP'}]}
2020-04-26 16:16:44 INFO  SEVEN-Server-System main cc.seven.admin.SevenAdminApplication The following profiles are active: dev
2020-04-26 16:19:16 INFO  SEVEN-Server-System main org.springframework.context.support.PostProcessorRegistrationDelegate$BeanPostProcessorChecker Bean 'org.springframework.cloud.autoconfigure.ConfigurationPropertiesRebinderAutoConfiguration' of type [org.springframework.cloud.autoconfigure.ConfigurationPropertiesRebinderAutoConfiguration] is not eligible for getting processed by all BeanPostProcessors (for example: not eligible for auto-proxying)
2020-04-26 16:19:17 INFO  SEVEN-Server-System main com.alibaba.nacos.client.config.impl.LocalConfigInfoProcessor LOCAL_SNAPSHOT_PATH:C:\Users\chendongdong\nacos\config
2020-04-26 16:19:18 INFO  SEVEN-Server-System main com.alibaba.nacos.client.config.impl.Limiter limitTime:5.0
2020-04-26 16:19:18 INFO  SEVEN-Server-System main org.springframework.cloud.bootstrap.config.PropertySourceBootstrapConfiguration Located property source: CompositePropertySource {name='NACOS', propertySources=[NacosPropertySource {name='febs-server-system-dev.yaml,DEFAULT_GROUP'}, NacosPropertySource {name='febs-server-system.yaml,DEFAULT_GROUP'}, NacosPropertySource {name='febs-server-system,DEFAULT_GROUP'}]}
2020-04-26 16:19:18 INFO  SEVEN-Server-System main cc.seven.admin.SevenAdminApplication The following profiles are active: dev
2020-04-26 16:19:21 INFO  SEVEN-Server-System main org.springframework.cloud.context.scope.GenericScope BeanFactory id=e4ef22ec-c903-3804-804b-f0451fcf6628
2020-04-26 16:19:21 INFO  SEVEN-Server-System main org.springframework.context.support.PostProcessorRegistrationDelegate$BeanPostProcessorChecker Bean 'spring.datasource.dynamic-com.baomidou.dynamic.datasource.spring.boot.autoconfigure.DynamicDataSourceProperties' of type [com.baomidou.dynamic.datasource.spring.boot.autoconfigure.DynamicDataSourceProperties] is not eligible for getting processed by all BeanPostProcessors (for example: not eligible for auto-proxying)
2020-04-26 16:19:21 INFO  SEVEN-Server-System main org.springframework.context.support.PostProcessorRegistrationDelegate$BeanPostProcessorChecker Bean 'com.baomidou.dynamic.datasource.spring.boot.autoconfigure.DynamicDataSourceAutoConfiguration' of type [com.baomidou.dynamic.datasource.spring.boot.autoconfigure.DynamicDataSourceAutoConfiguration$$EnhancerBySpringCGLIB$$8b3fc224] is not eligible for getting processed by all BeanPostProcessors (for example: not eligible for auto-proxying)
2020-04-26 16:19:21 INFO  SEVEN-Server-System main org.springframework.context.support.PostProcessorRegistrationDelegate$BeanPostProcessorChecker Bean 'dsProcessor' of type [com.baomidou.dynamic.datasource.processor.DsHeaderProcessor] is not eligible for getting processed by all BeanPostProcessors (for example: not eligible for auto-proxying)
2020-04-26 16:19:21 INFO  SEVEN-Server-System main org.springframework.context.support.PostProcessorRegistrationDelegate$BeanPostProcessorChecker Bean 'dynamicDatasourceAnnotationAdvisor' of type [com.baomidou.dynamic.datasource.aop.DynamicDataSourceAnnotationAdvisor] is not eligible for getting processed by all BeanPostProcessors (for example: not eligible for auto-proxying)
2020-04-26 16:19:21 INFO  SEVEN-Server-System main org.springframework.context.support.PostProcessorRegistrationDelegate$BeanPostProcessorChecker Bean 'org.springframework.security.config.annotation.configuration.ObjectPostProcessorConfiguration' of type [org.springframework.security.config.annotation.configuration.ObjectPostProcessorConfiguration] is not eligible for getting processed by all BeanPostProcessors (for example: not eligible for auto-proxying)
2020-04-26 16:19:21 INFO  SEVEN-Server-System main org.springframework.context.support.PostProcessorRegistrationDelegate$BeanPostProcessorChecker Bean 'objectPostProcessor' of type [org.springframework.security.config.annotation.configuration.AutowireBeanFactoryObjectPostProcessor] is not eligible for getting processed by all BeanPostProcessors (for example: not eligible for auto-proxying)
2020-04-26 16:19:21 INFO  SEVEN-Server-System main org.springframework.context.support.PostProcessorRegistrationDelegate$BeanPostProcessorChecker Bean 'org.springframework.security.access.expression.method.DefaultMethodSecurityExpressionHandler@6f3b13d0' of type [org.springframework.security.access.expression.method.DefaultMethodSecurityExpressionHandler] is not eligible for getting processed by all BeanPostProcessors (for example: not eligible for auto-proxying)
2020-04-26 16:19:21 INFO  SEVEN-Server-System main org.springframework.context.support.PostProcessorRegistrationDelegate$BeanPostProcessorChecker Bean 'org.springframework.security.config.annotation.method.configuration.GlobalMethodSecurityConfiguration' of type [org.springframework.security.config.annotation.method.configuration.GlobalMethodSecurityConfiguration] is not eligible for getting processed by all BeanPostProcessors (for example: not eligible for auto-proxying)
2020-04-26 16:19:21 INFO  SEVEN-Server-System main org.springframework.context.support.PostProcessorRegistrationDelegate$BeanPostProcessorChecker Bean 'methodSecurityMetadataSource' of type [org.springframework.security.access.method.DelegatingMethodSecurityMetadataSource] is not eligible for getting processed by all BeanPostProcessors (for example: not eligible for auto-proxying)
2020-04-26 16:19:21 INFO  SEVEN-Server-System main org.springframework.context.support.PostProcessorRegistrationDelegate$BeanPostProcessorChecker Bean 'org.springframework.cloud.autoconfigure.ConfigurationPropertiesRebinderAutoConfiguration' of type [org.springframework.cloud.autoconfigure.ConfigurationPropertiesRebinderAutoConfiguration] is not eligible for getting processed by all BeanPostProcessors (for example: not eligible for auto-proxying)
2020-04-26 16:19:22 INFO  SEVEN-Server-System main org.springframework.boot.web.embedded.tomcat.TomcatWebServer Tomcat initialized with port(s): 8080 (http)
2020-04-26 16:19:22 INFO  SEVEN-Server-System main org.apache.coyote.http11.Http11NioProtocol Initializing ProtocolHandler ["http-nio-8080"]
2020-04-26 16:19:22 INFO  SEVEN-Server-System main org.apache.catalina.core.StandardService Starting service [Tomcat]
2020-04-26 16:19:22 INFO  SEVEN-Server-System main org.apache.catalina.core.StandardEngine Starting Servlet engine: [Apache Tomcat/9.0.31]
2020-04-26 16:19:22 INFO  SEVEN-Server-System main org.apache.catalina.core.ContainerBase.[Tomcat].[localhost].[/] Initializing Spring embedded WebApplicationContext
2020-04-26 16:19:22 INFO  SEVEN-Server-System main org.springframework.web.context.ContextLoader Root WebApplicationContext: initialization completed in 4035 ms
2020-04-26 16:19:23 INFO  SEVEN-Server-System main com.netflix.config.sources.URLConfigurationSource To enable URLs as dynamic configuration sources, define System property archaius.configurationSource.additionalUrls or make config.properties available on classpath.
2020-04-26 16:19:23 INFO  SEVEN-Server-System main com.netflix.config.DynamicPropertyFactory DynamicPropertyFactory is initialized with configuration sources: com.netflix.config.ConcurrentCompositeConfiguration@2f0e7fa8
2020-04-26 16:19:24 INFO  SEVEN-Server-System main com.alibaba.nacos.client.naming initializer namespace from System Property :null
2020-04-26 16:19:24 INFO  SEVEN-Server-System main com.alibaba.nacos.client.naming initializer namespace from System Environment :null
2020-04-26 16:19:24 INFO  SEVEN-Server-System main com.alibaba.nacos.client.naming initializer namespace from System Property :null
2020-04-26 16:19:24 INFO  SEVEN-Server-System main org.apache.catalina.core.StandardService Stopping service [Tomcat]
2020-04-26 16:19:24 INFO  SEVEN-Server-System main org.springframework.boot.autoconfigure.logging.ConditionEvaluationReportLoggingListener 

Error starting ApplicationContext. To display the conditions report re-run your application with 'debug' enabled.
2020-04-26 16:21:29 INFO  SEVEN-Server-System main org.springframework.context.support.PostProcessorRegistrationDelegate$BeanPostProcessorChecker Bean 'org.springframework.cloud.autoconfigure.ConfigurationPropertiesRebinderAutoConfiguration' of type [org.springframework.cloud.autoconfigure.ConfigurationPropertiesRebinderAutoConfiguration] is not eligible for getting processed by all BeanPostProcessors (for example: not eligible for auto-proxying)
2020-04-26 16:21:30 INFO  SEVEN-Server-System main com.alibaba.nacos.client.config.impl.LocalConfigInfoProcessor LOCAL_SNAPSHOT_PATH:C:\Users\chendongdong\nacos\config
2020-04-26 16:21:30 INFO  SEVEN-Server-System main com.alibaba.nacos.client.config.impl.Limiter limitTime:5.0
2020-04-26 16:21:31 INFO  SEVEN-Server-System main org.springframework.cloud.bootstrap.config.PropertySourceBootstrapConfiguration Located property source: CompositePropertySource {name='NACOS', propertySources=[NacosPropertySource {name='febs-server-system-dev.yaml,DEFAULT_GROUP'}, NacosPropertySource {name='febs-server-system.yaml,DEFAULT_GROUP'}, NacosPropertySource {name='febs-server-system,DEFAULT_GROUP'}]}
2020-04-26 16:21:31 INFO  SEVEN-Server-System main cc.seven.admin.SevenAdminApplication The following profiles are active: dev
2020-04-26 16:21:33 INFO  SEVEN-Server-System main org.springframework.cloud.context.scope.GenericScope BeanFactory id=e4ef22ec-c903-3804-804b-f0451fcf6628
2020-04-26 16:21:33 INFO  SEVEN-Server-System main org.springframework.context.support.PostProcessorRegistrationDelegate$BeanPostProcessorChecker Bean 'spring.datasource.dynamic-com.baomidou.dynamic.datasource.spring.boot.autoconfigure.DynamicDataSourceProperties' of type [com.baomidou.dynamic.datasource.spring.boot.autoconfigure.DynamicDataSourceProperties] is not eligible for getting processed by all BeanPostProcessors (for example: not eligible for auto-proxying)
2020-04-26 16:21:34 INFO  SEVEN-Server-System main org.springframework.context.support.PostProcessorRegistrationDelegate$BeanPostProcessorChecker Bean 'com.baomidou.dynamic.datasource.spring.boot.autoconfigure.DynamicDataSourceAutoConfiguration' of type [com.baomidou.dynamic.datasource.spring.boot.autoconfigure.DynamicDataSourceAutoConfiguration$$EnhancerBySpringCGLIB$$89a1d679] is not eligible for getting processed by all BeanPostProcessors (for example: not eligible for auto-proxying)
2020-04-26 16:21:34 INFO  SEVEN-Server-System main org.springframework.context.support.PostProcessorRegistrationDelegate$BeanPostProcessorChecker Bean 'dsProcessor' of type [com.baomidou.dynamic.datasource.processor.DsHeaderProcessor] is not eligible for getting processed by all BeanPostProcessors (for example: not eligible for auto-proxying)
2020-04-26 16:21:34 INFO  SEVEN-Server-System main org.springframework.context.support.PostProcessorRegistrationDelegate$BeanPostProcessorChecker Bean 'dynamicDatasourceAnnotationAdvisor' of type [com.baomidou.dynamic.datasource.aop.DynamicDataSourceAnnotationAdvisor] is not eligible for getting processed by all BeanPostProcessors (for example: not eligible for auto-proxying)
2020-04-26 16:21:34 INFO  SEVEN-Server-System main org.springframework.context.support.PostProcessorRegistrationDelegate$BeanPostProcessorChecker Bean 'org.springframework.security.config.annotation.configuration.ObjectPostProcessorConfiguration' of type [org.springframework.security.config.annotation.configuration.ObjectPostProcessorConfiguration] is not eligible for getting processed by all BeanPostProcessors (for example: not eligible for auto-proxying)
2020-04-26 16:21:34 INFO  SEVEN-Server-System main org.springframework.context.support.PostProcessorRegistrationDelegate$BeanPostProcessorChecker Bean 'objectPostProcessor' of type [org.springframework.security.config.annotation.configuration.AutowireBeanFactoryObjectPostProcessor] is not eligible for getting processed by all BeanPostProcessors (for example: not eligible for auto-proxying)
2020-04-26 16:21:34 INFO  SEVEN-Server-System main org.springframework.context.support.PostProcessorRegistrationDelegate$BeanPostProcessorChecker Bean 'org.springframework.security.access.expression.method.DefaultMethodSecurityExpressionHandler@6e9a10cd' of type [org.springframework.security.access.expression.method.DefaultMethodSecurityExpressionHandler] is not eligible for getting processed by all BeanPostProcessors (for example: not eligible for auto-proxying)
2020-04-26 16:21:34 INFO  SEVEN-Server-System main org.springframework.context.support.PostProcessorRegistrationDelegate$BeanPostProcessorChecker Bean 'org.springframework.security.config.annotation.method.configuration.GlobalMethodSecurityConfiguration' of type [org.springframework.security.config.annotation.method.configuration.GlobalMethodSecurityConfiguration] is not eligible for getting processed by all BeanPostProcessors (for example: not eligible for auto-proxying)
2020-04-26 16:21:34 INFO  SEVEN-Server-System main org.springframework.context.support.PostProcessorRegistrationDelegate$BeanPostProcessorChecker Bean 'methodSecurityMetadataSource' of type [org.springframework.security.access.method.DelegatingMethodSecurityMetadataSource] is not eligible for getting processed by all BeanPostProcessors (for example: not eligible for auto-proxying)
2020-04-26 16:21:34 INFO  SEVEN-Server-System main org.springframework.context.support.PostProcessorRegistrationDelegate$BeanPostProcessorChecker Bean 'org.springframework.cloud.autoconfigure.ConfigurationPropertiesRebinderAutoConfiguration' of type [org.springframework.cloud.autoconfigure.ConfigurationPropertiesRebinderAutoConfiguration] is not eligible for getting processed by all BeanPostProcessors (for example: not eligible for auto-proxying)
2020-04-26 16:21:34 INFO  SEVEN-Server-System main org.springframework.boot.web.embedded.tomcat.TomcatWebServer Tomcat initialized with port(s): 8080 (http)
2020-04-26 16:21:34 INFO  SEVEN-Server-System main org.apache.coyote.http11.Http11NioProtocol Initializing ProtocolHandler ["http-nio-8080"]
2020-04-26 16:21:34 INFO  SEVEN-Server-System main org.apache.catalina.core.StandardService Starting service [Tomcat]
2020-04-26 16:21:34 INFO  SEVEN-Server-System main org.apache.catalina.core.StandardEngine Starting Servlet engine: [Apache Tomcat/9.0.31]
2020-04-26 16:21:35 INFO  SEVEN-Server-System main org.apache.catalina.core.ContainerBase.[Tomcat].[localhost].[/] Initializing Spring embedded WebApplicationContext
2020-04-26 16:21:35 INFO  SEVEN-Server-System main org.springframework.web.context.ContextLoader Root WebApplicationContext: initialization completed in 3460 ms
2020-04-26 16:21:35 INFO  SEVEN-Server-System main com.netflix.config.sources.URLConfigurationSource To enable URLs as dynamic configuration sources, define System property archaius.configurationSource.additionalUrls or make config.properties available on classpath.
2020-04-26 16:21:35 INFO  SEVEN-Server-System main com.netflix.config.DynamicPropertyFactory DynamicPropertyFactory is initialized with configuration sources: com.netflix.config.ConcurrentCompositeConfiguration@4ae2c01b
2020-04-26 16:21:36 INFO  SEVEN-Server-System main com.alibaba.nacos.client.naming initializer namespace from System Property :null
2020-04-26 16:21:36 INFO  SEVEN-Server-System main com.alibaba.nacos.client.naming initializer namespace from System Environment :null
2020-04-26 16:21:36 INFO  SEVEN-Server-System main com.alibaba.nacos.client.naming initializer namespace from System Property :null
2020-04-26 16:21:36 INFO  SEVEN-Server-System main org.apache.catalina.core.StandardService Stopping service [Tomcat]
2020-04-26 16:21:36 INFO  SEVEN-Server-System main org.springframework.boot.autoconfigure.logging.ConditionEvaluationReportLoggingListener 

Error starting ApplicationContext. To display the conditions report re-run your application with 'debug' enabled.
2020-04-26 16:27:57 INFO  seven-admin-server main org.springframework.context.support.PostProcessorRegistrationDelegate$BeanPostProcessorChecker Bean 'org.springframework.cloud.autoconfigure.ConfigurationPropertiesRebinderAutoConfiguration' of type [org.springframework.cloud.autoconfigure.ConfigurationPropertiesRebinderAutoConfiguration] is not eligible for getting processed by all BeanPostProcessors (for example: not eligible for auto-proxying)
2020-04-26 16:27:58 INFO  seven-admin-server main com.alibaba.nacos.client.config.impl.LocalConfigInfoProcessor LOCAL_SNAPSHOT_PATH:C:\Users\chendongdong\nacos\config
2020-04-26 16:27:58 INFO  seven-admin-server main com.alibaba.nacos.client.config.impl.Limiter limitTime:5.0
2020-04-26 16:28:07 INFO  seven-admin-server main org.springframework.cloud.bootstrap.config.PropertySourceBootstrapConfiguration Located property source: CompositePropertySource {name='NACOS', propertySources=[NacosPropertySource {name='seven-admin-server.properties,DEFAULT_GROUP'}, NacosPropertySource {name='seven-admin-server,DEFAULT_GROUP'}]}
2020-04-26 16:28:07 INFO  seven-admin-server main cc.seven.admin.SevenAdminApplication No active profile set, falling back to default profiles: default
2020-04-26 16:28:08 INFO  seven-admin-server main org.springframework.boot.autoconfigure.logging.ConditionEvaluationReportLoggingListener 

Error starting ApplicationContext. To display the conditions report re-run your application with 'debug' enabled.
2020-04-26 16:29:43 INFO  seven-admin-server main org.springframework.context.support.PostProcessorRegistrationDelegate$BeanPostProcessorChecker Bean 'org.springframework.cloud.autoconfigure.ConfigurationPropertiesRebinderAutoConfiguration' of type [org.springframework.cloud.autoconfigure.ConfigurationPropertiesRebinderAutoConfiguration] is not eligible for getting processed by all BeanPostProcessors (for example: not eligible for auto-proxying)
2020-04-26 16:29:44 INFO  seven-admin-server main com.alibaba.nacos.client.config.impl.LocalConfigInfoProcessor LOCAL_SNAPSHOT_PATH:C:\Users\chendongdong\nacos\config
2020-04-26 16:29:44 INFO  seven-admin-server main com.alibaba.nacos.client.config.impl.Limiter limitTime:5.0
2020-04-26 16:29:53 INFO  seven-admin-server main org.springframework.cloud.bootstrap.config.PropertySourceBootstrapConfiguration Located property source: CompositePropertySource {name='NACOS', propertySources=[NacosPropertySource {name='seven-admin-server.properties,DEFAULT_GROUP'}, NacosPropertySource {name='seven-admin-server,DEFAULT_GROUP'}]}
2020-04-26 16:29:53 INFO  seven-admin-server main cc.seven.admin.SevenAdminApplication No active profile set, falling back to default profiles: default
2020-04-26 16:29:55 INFO  seven-admin-server main org.springframework.cloud.context.scope.GenericScope BeanFactory id=47d666e1-f5fa-3c6b-9bdf-20578f6d98be
2020-04-26 16:29:56 INFO  seven-admin-server main org.springframework.context.support.PostProcessorRegistrationDelegate$BeanPostProcessorChecker Bean 'spring.datasource.dynamic-com.baomidou.dynamic.datasource.spring.boot.autoconfigure.DynamicDataSourceProperties' of type [com.baomidou.dynamic.datasource.spring.boot.autoconfigure.DynamicDataSourceProperties] is not eligible for getting processed by all BeanPostProcessors (for example: not eligible for auto-proxying)
2020-04-26 16:29:56 INFO  seven-admin-server main org.springframework.context.support.PostProcessorRegistrationDelegate$BeanPostProcessorChecker Bean 'com.baomidou.dynamic.datasource.spring.boot.autoconfigure.DynamicDataSourceAutoConfiguration' of type [com.baomidou.dynamic.datasource.spring.boot.autoconfigure.DynamicDataSourceAutoConfiguration$$EnhancerBySpringCGLIB$$18ef8cef] is not eligible for getting processed by all BeanPostProcessors (for example: not eligible for auto-proxying)
2020-04-26 16:29:56 INFO  seven-admin-server main org.springframework.context.support.PostProcessorRegistrationDelegate$BeanPostProcessorChecker Bean 'dsProcessor' of type [com.baomidou.dynamic.datasource.processor.DsHeaderProcessor] is not eligible for getting processed by all BeanPostProcessors (for example: not eligible for auto-proxying)
2020-04-26 16:29:56 INFO  seven-admin-server main org.springframework.context.support.PostProcessorRegistrationDelegate$BeanPostProcessorChecker Bean 'dynamicDatasourceAnnotationAdvisor' of type [com.baomidou.dynamic.datasource.aop.DynamicDataSourceAnnotationAdvisor] is not eligible for getting processed by all BeanPostProcessors (for example: not eligible for auto-proxying)
2020-04-26 16:29:56 INFO  seven-admin-server main org.springframework.context.support.PostProcessorRegistrationDelegate$BeanPostProcessorChecker Bean 'org.springframework.security.config.annotation.configuration.ObjectPostProcessorConfiguration' of type [org.springframework.security.config.annotation.configuration.ObjectPostProcessorConfiguration] is not eligible for getting processed by all BeanPostProcessors (for example: not eligible for auto-proxying)
2020-04-26 16:29:56 INFO  seven-admin-server main org.springframework.context.support.PostProcessorRegistrationDelegate$BeanPostProcessorChecker Bean 'objectPostProcessor' of type [org.springframework.security.config.annotation.configuration.AutowireBeanFactoryObjectPostProcessor] is not eligible for getting processed by all BeanPostProcessors (for example: not eligible for auto-proxying)
2020-04-26 16:29:56 INFO  seven-admin-server main org.springframework.context.support.PostProcessorRegistrationDelegate$BeanPostProcessorChecker Bean 'org.springframework.security.access.expression.method.DefaultMethodSecurityExpressionHandler@674184d' of type [org.springframework.security.access.expression.method.DefaultMethodSecurityExpressionHandler] is not eligible for getting processed by all BeanPostProcessors (for example: not eligible for auto-proxying)
2020-04-26 16:29:56 INFO  seven-admin-server main org.springframework.context.support.PostProcessorRegistrationDelegate$BeanPostProcessorChecker Bean 'org.springframework.security.config.annotation.method.configuration.GlobalMethodSecurityConfiguration' of type [org.springframework.security.config.annotation.method.configuration.GlobalMethodSecurityConfiguration] is not eligible for getting processed by all BeanPostProcessors (for example: not eligible for auto-proxying)
2020-04-26 16:29:56 INFO  seven-admin-server main org.springframework.context.support.PostProcessorRegistrationDelegate$BeanPostProcessorChecker Bean 'methodSecurityMetadataSource' of type [org.springframework.security.access.method.DelegatingMethodSecurityMetadataSource] is not eligible for getting processed by all BeanPostProcessors (for example: not eligible for auto-proxying)
2020-04-26 16:29:56 INFO  seven-admin-server main org.springframework.context.support.PostProcessorRegistrationDelegate$BeanPostProcessorChecker Bean 'org.springframework.cloud.autoconfigure.ConfigurationPropertiesRebinderAutoConfiguration' of type [org.springframework.cloud.autoconfigure.ConfigurationPropertiesRebinderAutoConfiguration] is not eligible for getting processed by all BeanPostProcessors (for example: not eligible for auto-proxying)
2020-04-26 16:29:57 INFO  seven-admin-server main org.springframework.boot.web.embedded.tomcat.TomcatWebServer Tomcat initialized with port(s): 8201 (http)
2020-04-26 16:29:57 INFO  seven-admin-server main org.apache.coyote.http11.Http11NioProtocol Initializing ProtocolHandler ["http-nio-8201"]
2020-04-26 16:29:57 INFO  seven-admin-server main org.apache.catalina.core.StandardService Starting service [Tomcat]
2020-04-26 16:29:57 INFO  seven-admin-server main org.apache.catalina.core.StandardEngine Starting Servlet engine: [Apache Tomcat/9.0.31]
2020-04-26 16:29:57 INFO  seven-admin-server main org.apache.catalina.core.ContainerBase.[Tomcat].[localhost].[/] Initializing Spring embedded WebApplicationContext
2020-04-26 16:29:57 INFO  seven-admin-server main org.springframework.web.context.ContextLoader Root WebApplicationContext: initialization completed in 3738 ms
2020-04-26 16:29:57 INFO  seven-admin-server main com.netflix.config.sources.URLConfigurationSource To enable URLs as dynamic configuration sources, define System property archaius.configurationSource.additionalUrls or make config.properties available on classpath.
2020-04-26 16:29:57 INFO  seven-admin-server main com.netflix.config.DynamicPropertyFactory DynamicPropertyFactory is initialized with configuration sources: com.netflix.config.ConcurrentCompositeConfiguration@79e90571
2020-04-26 16:29:58 INFO  seven-admin-server main com.alibaba.nacos.client.naming initializer namespace from System Property :null
2020-04-26 16:29:58 INFO  seven-admin-server main com.alibaba.nacos.client.naming initializer namespace from System Environment :null
2020-04-26 16:29:58 INFO  seven-admin-server main com.alibaba.nacos.client.naming initializer namespace from System Property :null
2020-04-26 16:29:58 INFO  seven-admin-server main com.baomidou.dynamic.datasource.DynamicRoutingDataSource dynamic-datasource detect P6SPY plugin and enabled it
2020-04-26 16:29:58 INFO  seven-admin-server main com.zaxxer.hikari.HikariDataSource base - Starting...
2020-04-26 16:30:00 INFO  seven-admin-server main org.apache.catalina.core.StandardService Stopping service [Tomcat]
2020-04-26 16:30:00 INFO  seven-admin-server main org.springframework.boot.autoconfigure.logging.ConditionEvaluationReportLoggingListener 

Error starting ApplicationContext. To display the conditions report re-run your application with 'debug' enabled.
2020-04-26 16:32:26 INFO  seven-admin-server main org.springframework.context.support.PostProcessorRegistrationDelegate$BeanPostProcessorChecker Bean 'org.springframework.cloud.autoconfigure.ConfigurationPropertiesRebinderAutoConfiguration' of type [org.springframework.cloud.autoconfigure.ConfigurationPropertiesRebinderAutoConfiguration] is not eligible for getting processed by all BeanPostProcessors (for example: not eligible for auto-proxying)
2020-04-26 16:32:27 INFO  seven-admin-server main com.alibaba.nacos.client.config.impl.LocalConfigInfoProcessor LOCAL_SNAPSHOT_PATH:C:\Users\chendongdong\nacos\config
2020-04-26 16:32:27 INFO  seven-admin-server main com.alibaba.nacos.client.config.impl.Limiter limitTime:5.0
2020-04-26 16:32:36 INFO  seven-admin-server main org.springframework.cloud.bootstrap.config.PropertySourceBootstrapConfiguration Located property source: CompositePropertySource {name='NACOS', propertySources=[NacosPropertySource {name='seven-admin-server.properties,DEFAULT_GROUP'}, NacosPropertySource {name='seven-admin-server,DEFAULT_GROUP'}]}
2020-04-26 16:32:36 INFO  seven-admin-server main cc.seven.admin.SevenAdminApplication No active profile set, falling back to default profiles: default
2020-04-26 16:32:38 INFO  seven-admin-server main org.springframework.cloud.context.scope.GenericScope BeanFactory id=47d666e1-f5fa-3c6b-9bdf-20578f6d98be
2020-04-26 16:32:38 INFO  seven-admin-server main org.springframework.context.support.PostProcessorRegistrationDelegate$BeanPostProcessorChecker Bean 'spring.datasource.dynamic-com.baomidou.dynamic.datasource.spring.boot.autoconfigure.DynamicDataSourceProperties' of type [com.baomidou.dynamic.datasource.spring.boot.autoconfigure.DynamicDataSourceProperties] is not eligible for getting processed by all BeanPostProcessors (for example: not eligible for auto-proxying)
2020-04-26 16:32:38 INFO  seven-admin-server main org.springframework.context.support.PostProcessorRegistrationDelegate$BeanPostProcessorChecker Bean 'com.baomidou.dynamic.datasource.spring.boot.autoconfigure.DynamicDataSourceAutoConfiguration' of type [com.baomidou.dynamic.datasource.spring.boot.autoconfigure.DynamicDataSourceAutoConfiguration$$EnhancerBySpringCGLIB$$e946a920] is not eligible for getting processed by all BeanPostProcessors (for example: not eligible for auto-proxying)
2020-04-26 16:32:39 INFO  seven-admin-server main org.springframework.context.support.PostProcessorRegistrationDelegate$BeanPostProcessorChecker Bean 'dsProcessor' of type [com.baomidou.dynamic.datasource.processor.DsHeaderProcessor] is not eligible for getting processed by all BeanPostProcessors (for example: not eligible for auto-proxying)
2020-04-26 16:32:39 INFO  seven-admin-server main org.springframework.context.support.PostProcessorRegistrationDelegate$BeanPostProcessorChecker Bean 'dynamicDatasourceAnnotationAdvisor' of type [com.baomidou.dynamic.datasource.aop.DynamicDataSourceAnnotationAdvisor] is not eligible for getting processed by all BeanPostProcessors (for example: not eligible for auto-proxying)
2020-04-26 16:32:39 INFO  seven-admin-server main org.springframework.context.support.PostProcessorRegistrationDelegate$BeanPostProcessorChecker Bean 'org.springframework.security.config.annotation.configuration.ObjectPostProcessorConfiguration' of type [org.springframework.security.config.annotation.configuration.ObjectPostProcessorConfiguration] is not eligible for getting processed by all BeanPostProcessors (for example: not eligible for auto-proxying)
2020-04-26 16:32:39 INFO  seven-admin-server main org.springframework.context.support.PostProcessorRegistrationDelegate$BeanPostProcessorChecker Bean 'objectPostProcessor' of type [org.springframework.security.config.annotation.configuration.AutowireBeanFactoryObjectPostProcessor] is not eligible for getting processed by all BeanPostProcessors (for example: not eligible for auto-proxying)
2020-04-26 16:32:39 INFO  seven-admin-server main org.springframework.context.support.PostProcessorRegistrationDelegate$BeanPostProcessorChecker Bean 'org.springframework.security.access.expression.method.DefaultMethodSecurityExpressionHandler@1be8c122' of type [org.springframework.security.access.expression.method.DefaultMethodSecurityExpressionHandler] is not eligible for getting processed by all BeanPostProcessors (for example: not eligible for auto-proxying)
2020-04-26 16:32:39 INFO  seven-admin-server main org.springframework.context.support.PostProcessorRegistrationDelegate$BeanPostProcessorChecker Bean 'org.springframework.security.config.annotation.method.configuration.GlobalMethodSecurityConfiguration' of type [org.springframework.security.config.annotation.method.configuration.GlobalMethodSecurityConfiguration] is not eligible for getting processed by all BeanPostProcessors (for example: not eligible for auto-proxying)
2020-04-26 16:32:39 INFO  seven-admin-server main org.springframework.context.support.PostProcessorRegistrationDelegate$BeanPostProcessorChecker Bean 'methodSecurityMetadataSource' of type [org.springframework.security.access.method.DelegatingMethodSecurityMetadataSource] is not eligible for getting processed by all BeanPostProcessors (for example: not eligible for auto-proxying)
2020-04-26 16:32:39 INFO  seven-admin-server main org.springframework.context.support.PostProcessorRegistrationDelegate$BeanPostProcessorChecker Bean 'org.springframework.cloud.autoconfigure.ConfigurationPropertiesRebinderAutoConfiguration' of type [org.springframework.cloud.autoconfigure.ConfigurationPropertiesRebinderAutoConfiguration] is not eligible for getting processed by all BeanPostProcessors (for example: not eligible for auto-proxying)
2020-04-26 16:32:39 INFO  seven-admin-server main org.springframework.boot.web.embedded.tomcat.TomcatWebServer Tomcat initialized with port(s): 8201 (http)
2020-04-26 16:32:39 INFO  seven-admin-server main org.apache.coyote.http11.Http11NioProtocol Initializing ProtocolHandler ["http-nio-8201"]
2020-04-26 16:32:39 INFO  seven-admin-server main org.apache.catalina.core.StandardService Starting service [Tomcat]
2020-04-26 16:32:39 INFO  seven-admin-server main org.apache.catalina.core.StandardEngine Starting Servlet engine: [Apache Tomcat/9.0.31]
2020-04-26 16:32:40 INFO  seven-admin-server main org.apache.catalina.core.ContainerBase.[Tomcat].[localhost].[/] Initializing Spring embedded WebApplicationContext
2020-04-26 16:32:40 INFO  seven-admin-server main org.springframework.web.context.ContextLoader Root WebApplicationContext: initialization completed in 3753 ms
2020-04-26 16:32:40 INFO  seven-admin-server main com.netflix.config.sources.URLConfigurationSource To enable URLs as dynamic configuration sources, define System property archaius.configurationSource.additionalUrls or make config.properties available on classpath.
2020-04-26 16:32:40 INFO  seven-admin-server main com.netflix.config.DynamicPropertyFactory DynamicPropertyFactory is initialized with configuration sources: com.netflix.config.ConcurrentCompositeConfiguration@45539bd8
2020-04-26 16:32:41 INFO  seven-admin-server main com.alibaba.nacos.client.naming initializer namespace from System Property :null
2020-04-26 16:32:41 INFO  seven-admin-server main com.alibaba.nacos.client.naming initializer namespace from System Environment :null
2020-04-26 16:32:41 INFO  seven-admin-server main com.alibaba.nacos.client.naming initializer namespace from System Property :null
2020-04-26 16:32:41 INFO  seven-admin-server main com.baomidou.dynamic.datasource.DynamicRoutingDataSource dynamic-datasource detect P6SPY plugin and enabled it
2020-04-26 16:32:41 INFO  seven-admin-server main com.zaxxer.hikari.HikariDataSource base - Starting...
2020-04-26 16:32:42 INFO  seven-admin-server main org.apache.catalina.core.StandardService Stopping service [Tomcat]
2020-04-26 16:32:42 INFO  seven-admin-server main org.springframework.boot.autoconfigure.logging.ConditionEvaluationReportLoggingListener 

Error starting ApplicationContext. To display the conditions report re-run your application with 'debug' enabled.
2020-04-26 16:33:15 INFO  seven-admin-server main org.springframework.context.support.PostProcessorRegistrationDelegate$BeanPostProcessorChecker Bean 'org.springframework.cloud.autoconfigure.ConfigurationPropertiesRebinderAutoConfiguration' of type [org.springframework.cloud.autoconfigure.ConfigurationPropertiesRebinderAutoConfiguration] is not eligible for getting processed by all BeanPostProcessors (for example: not eligible for auto-proxying)
2020-04-26 16:33:16 INFO  seven-admin-server main com.alibaba.nacos.client.config.impl.LocalConfigInfoProcessor LOCAL_SNAPSHOT_PATH:C:\Users\chendongdong\nacos\config
2020-04-26 16:33:16 INFO  seven-admin-server main com.alibaba.nacos.client.config.impl.Limiter limitTime:5.0
2020-04-26 16:33:24 INFO  seven-admin-server main org.springframework.cloud.bootstrap.config.PropertySourceBootstrapConfiguration Located property source: CompositePropertySource {name='NACOS', propertySources=[NacosPropertySource {name='seven-admin-server.properties,DEFAULT_GROUP'}, NacosPropertySource {name='seven-admin-server,DEFAULT_GROUP'}]}
2020-04-26 16:33:24 INFO  seven-admin-server main cc.seven.admin.SevenAdminApplication No active profile set, falling back to default profiles: default
2020-04-26 16:33:27 INFO  seven-admin-server main org.springframework.cloud.context.scope.GenericScope BeanFactory id=47d666e1-f5fa-3c6b-9bdf-20578f6d98be
2020-04-26 16:33:27 INFO  seven-admin-server main org.springframework.context.support.PostProcessorRegistrationDelegate$BeanPostProcessorChecker Bean 'spring.datasource.dynamic-com.baomidou.dynamic.datasource.spring.boot.autoconfigure.DynamicDataSourceProperties' of type [com.baomidou.dynamic.datasource.spring.boot.autoconfigure.DynamicDataSourceProperties] is not eligible for getting processed by all BeanPostProcessors (for example: not eligible for auto-proxying)
2020-04-26 16:33:27 INFO  seven-admin-server main org.springframework.context.support.PostProcessorRegistrationDelegate$BeanPostProcessorChecker Bean 'com.baomidou.dynamic.datasource.spring.boot.autoconfigure.DynamicDataSourceAutoConfiguration' of type [com.baomidou.dynamic.datasource.spring.boot.autoconfigure.DynamicDataSourceAutoConfiguration$$EnhancerBySpringCGLIB$$d4e6f89b] is not eligible for getting processed by all BeanPostProcessors (for example: not eligible for auto-proxying)
2020-04-26 16:33:27 INFO  seven-admin-server main org.springframework.context.support.PostProcessorRegistrationDelegate$BeanPostProcessorChecker Bean 'dsProcessor' of type [com.baomidou.dynamic.datasource.processor.DsHeaderProcessor] is not eligible for getting processed by all BeanPostProcessors (for example: not eligible for auto-proxying)
2020-04-26 16:33:27 INFO  seven-admin-server main org.springframework.context.support.PostProcessorRegistrationDelegate$BeanPostProcessorChecker Bean 'dynamicDatasourceAnnotationAdvisor' of type [com.baomidou.dynamic.datasource.aop.DynamicDataSourceAnnotationAdvisor] is not eligible for getting processed by all BeanPostProcessors (for example: not eligible for auto-proxying)
2020-04-26 16:33:27 INFO  seven-admin-server main org.springframework.context.support.PostProcessorRegistrationDelegate$BeanPostProcessorChecker Bean 'org.springframework.security.config.annotation.configuration.ObjectPostProcessorConfiguration' of type [org.springframework.security.config.annotation.configuration.ObjectPostProcessorConfiguration] is not eligible for getting processed by all BeanPostProcessors (for example: not eligible for auto-proxying)
2020-04-26 16:33:27 INFO  seven-admin-server main org.springframework.context.support.PostProcessorRegistrationDelegate$BeanPostProcessorChecker Bean 'objectPostProcessor' of type [org.springframework.security.config.annotation.configuration.AutowireBeanFactoryObjectPostProcessor] is not eligible for getting processed by all BeanPostProcessors (for example: not eligible for auto-proxying)
2020-04-26 16:33:27 INFO  seven-admin-server main org.springframework.context.support.PostProcessorRegistrationDelegate$BeanPostProcessorChecker Bean 'org.springframework.security.access.expression.method.DefaultMethodSecurityExpressionHandler@118cbded' of type [org.springframework.security.access.expression.method.DefaultMethodSecurityExpressionHandler] is not eligible for getting processed by all BeanPostProcessors (for example: not eligible for auto-proxying)
2020-04-26 16:33:27 INFO  seven-admin-server main org.springframework.context.support.PostProcessorRegistrationDelegate$BeanPostProcessorChecker Bean 'org.springframework.security.config.annotation.method.configuration.GlobalMethodSecurityConfiguration' of type [org.springframework.security.config.annotation.method.configuration.GlobalMethodSecurityConfiguration] is not eligible for getting processed by all BeanPostProcessors (for example: not eligible for auto-proxying)
2020-04-26 16:33:27 INFO  seven-admin-server main org.springframework.context.support.PostProcessorRegistrationDelegate$BeanPostProcessorChecker Bean 'methodSecurityMetadataSource' of type [org.springframework.security.access.method.DelegatingMethodSecurityMetadataSource] is not eligible for getting processed by all BeanPostProcessors (for example: not eligible for auto-proxying)
2020-04-26 16:33:27 INFO  seven-admin-server main org.springframework.context.support.PostProcessorRegistrationDelegate$BeanPostProcessorChecker Bean 'org.springframework.cloud.autoconfigure.ConfigurationPropertiesRebinderAutoConfiguration' of type [org.springframework.cloud.autoconfigure.ConfigurationPropertiesRebinderAutoConfiguration] is not eligible for getting processed by all BeanPostProcessors (for example: not eligible for auto-proxying)
2020-04-26 16:33:28 INFO  seven-admin-server main org.springframework.boot.web.embedded.tomcat.TomcatWebServer Tomcat initialized with port(s): 8201 (http)
2020-04-26 16:33:28 INFO  seven-admin-server main org.apache.coyote.http11.Http11NioProtocol Initializing ProtocolHandler ["http-nio-8201"]
2020-04-26 16:33:28 INFO  seven-admin-server main org.apache.catalina.core.StandardService Starting service [Tomcat]
2020-04-26 16:33:28 INFO  seven-admin-server main org.apache.catalina.core.StandardEngine Starting Servlet engine: [Apache Tomcat/9.0.31]
2020-04-26 16:33:28 INFO  seven-admin-server main org.apache.catalina.core.ContainerBase.[Tomcat].[localhost].[/] Initializing Spring embedded WebApplicationContext
2020-04-26 16:33:28 INFO  seven-admin-server main org.springframework.web.context.ContextLoader Root WebApplicationContext: initialization completed in 3763 ms
2020-04-26 16:33:28 INFO  seven-admin-server main com.netflix.config.sources.URLConfigurationSource To enable URLs as dynamic configuration sources, define System property archaius.configurationSource.additionalUrls or make config.properties available on classpath.
2020-04-26 16:33:28 INFO  seven-admin-server main com.netflix.config.DynamicPropertyFactory DynamicPropertyFactory is initialized with configuration sources: com.netflix.config.ConcurrentCompositeConfiguration@3a3bc0da
2020-04-26 16:33:30 INFO  seven-admin-server main com.alibaba.nacos.client.naming initializer namespace from System Property :null
2020-04-26 16:33:30 INFO  seven-admin-server main com.alibaba.nacos.client.naming initializer namespace from System Environment :null
2020-04-26 16:33:30 INFO  seven-admin-server main com.alibaba.nacos.client.naming initializer namespace from System Property :null
2020-04-26 16:33:30 INFO  seven-admin-server main com.baomidou.dynamic.datasource.DynamicRoutingDataSource dynamic-datasource detect P6SPY plugin and enabled it
2020-04-26 16:33:30 INFO  seven-admin-server main com.zaxxer.hikari.HikariDataSource base - Starting...
2020-04-26 16:33:31 INFO  seven-admin-server main org.apache.catalina.core.StandardService Stopping service [Tomcat]
2020-04-26 16:33:31 INFO  seven-admin-server main org.springframework.boot.autoconfigure.logging.ConditionEvaluationReportLoggingListener 

Error starting ApplicationContext. To display the conditions report re-run your application with 'debug' enabled.
2020-04-26 16:35:48 INFO  seven-admin-server main org.springframework.context.support.PostProcessorRegistrationDelegate$BeanPostProcessorChecker Bean 'org.springframework.cloud.autoconfigure.ConfigurationPropertiesRebinderAutoConfiguration' of type [org.springframework.cloud.autoconfigure.ConfigurationPropertiesRebinderAutoConfiguration] is not eligible for getting processed by all BeanPostProcessors (for example: not eligible for auto-proxying)
2020-04-26 16:35:49 INFO  seven-admin-server main com.alibaba.nacos.client.config.impl.LocalConfigInfoProcessor LOCAL_SNAPSHOT_PATH:C:\Users\chendongdong\nacos\config
2020-04-26 16:35:49 INFO  seven-admin-server main com.alibaba.nacos.client.config.impl.Limiter limitTime:5.0
2020-04-26 16:35:50 INFO  seven-admin-server main com.alibaba.nacos.client.config.utils.JVMUtil isMultiInstance:false
2020-04-26 16:35:50 INFO  seven-admin-server main org.springframework.cloud.bootstrap.config.PropertySourceBootstrapConfiguration Located property source: CompositePropertySource {name='NACOS', propertySources=[NacosPropertySource {name='seven-admin-server-dev.yaml,DEFAULT_GROUP'}, NacosPropertySource {name='seven-admin-server.yaml,DEFAULT_GROUP'}, NacosPropertySource {name='seven-admin-server,DEFAULT_GROUP'}]}
2020-04-26 16:35:50 INFO  seven-admin-server main cc.seven.admin.SevenAdminApplication The following profiles are active: dev
2020-04-26 16:35:51 INFO  seven-admin-server main org.springframework.boot.autoconfigure.logging.ConditionEvaluationReportLoggingListener 

Error starting ApplicationContext. To display the conditions report re-run your application with 'debug' enabled.
2020-04-26 16:36:30 INFO  seven-admin-server main org.springframework.context.support.PostProcessorRegistrationDelegate$BeanPostProcessorChecker Bean 'org.springframework.cloud.autoconfigure.ConfigurationPropertiesRebinderAutoConfiguration' of type [org.springframework.cloud.autoconfigure.ConfigurationPropertiesRebinderAutoConfiguration] is not eligible for getting processed by all BeanPostProcessors (for example: not eligible for auto-proxying)
2020-04-26 16:36:31 INFO  seven-admin-server main com.alibaba.nacos.client.config.impl.LocalConfigInfoProcessor LOCAL_SNAPSHOT_PATH:C:\Users\chendongdong\nacos\config
2020-04-26 16:36:31 INFO  seven-admin-server main com.alibaba.nacos.client.config.impl.Limiter limitTime:5.0
2020-04-26 16:36:31 INFO  seven-admin-server main com.alibaba.nacos.client.config.utils.JVMUtil isMultiInstance:false
2020-04-26 16:36:31 INFO  seven-admin-server main org.springframework.cloud.bootstrap.config.PropertySourceBootstrapConfiguration Located property source: CompositePropertySource {name='NACOS', propertySources=[NacosPropertySource {name='seven-admin-server-dev.yaml,DEFAULT_GROUP'}, NacosPropertySource {name='seven-admin-server.yaml,DEFAULT_GROUP'}, NacosPropertySource {name='seven-admin-server,DEFAULT_GROUP'}]}
2020-04-26 16:36:31 INFO  seven-admin-server main cc.seven.admin.SevenAdminApplication The following profiles are active: dev
2020-04-26 16:36:34 INFO  seven-admin-server main org.springframework.cloud.context.scope.GenericScope BeanFactory id=df76a030-6194-35de-b88d-d923dec0f2f2
2020-04-26 16:36:34 INFO  seven-admin-server main org.springframework.context.support.PostProcessorRegistrationDelegate$BeanPostProcessorChecker Bean 'spring.datasource.dynamic-com.baomidou.dynamic.datasource.spring.boot.autoconfigure.DynamicDataSourceProperties' of type [com.baomidou.dynamic.datasource.spring.boot.autoconfigure.DynamicDataSourceProperties] is not eligible for getting processed by all BeanPostProcessors (for example: not eligible for auto-proxying)
2020-04-26 16:36:34 INFO  seven-admin-server main org.springframework.context.support.PostProcessorRegistrationDelegate$BeanPostProcessorChecker Bean 'com.baomidou.dynamic.datasource.spring.boot.autoconfigure.DynamicDataSourceAutoConfiguration' of type [com.baomidou.dynamic.datasource.spring.boot.autoconfigure.DynamicDataSourceAutoConfiguration$$EnhancerBySpringCGLIB$$874a2795] is not eligible for getting processed by all BeanPostProcessors (for example: not eligible for auto-proxying)
2020-04-26 16:36:34 INFO  seven-admin-server main org.springframework.context.support.PostProcessorRegistrationDelegate$BeanPostProcessorChecker Bean 'dsProcessor' of type [com.baomidou.dynamic.datasource.processor.DsHeaderProcessor] is not eligible for getting processed by all BeanPostProcessors (for example: not eligible for auto-proxying)
2020-04-26 16:36:34 INFO  seven-admin-server main org.springframework.context.support.PostProcessorRegistrationDelegate$BeanPostProcessorChecker Bean 'dynamicDatasourceAnnotationAdvisor' of type [com.baomidou.dynamic.datasource.aop.DynamicDataSourceAnnotationAdvisor] is not eligible for getting processed by all BeanPostProcessors (for example: not eligible for auto-proxying)
2020-04-26 16:36:34 INFO  seven-admin-server main org.springframework.context.support.PostProcessorRegistrationDelegate$BeanPostProcessorChecker Bean 'org.springframework.security.config.annotation.configuration.ObjectPostProcessorConfiguration' of type [org.springframework.security.config.annotation.configuration.ObjectPostProcessorConfiguration] is not eligible for getting processed by all BeanPostProcessors (for example: not eligible for auto-proxying)
2020-04-26 16:36:34 INFO  seven-admin-server main org.springframework.context.support.PostProcessorRegistrationDelegate$BeanPostProcessorChecker Bean 'objectPostProcessor' of type [org.springframework.security.config.annotation.configuration.AutowireBeanFactoryObjectPostProcessor] is not eligible for getting processed by all BeanPostProcessors (for example: not eligible for auto-proxying)
2020-04-26 16:36:34 INFO  seven-admin-server main org.springframework.context.support.PostProcessorRegistrationDelegate$BeanPostProcessorChecker Bean 'org.springframework.security.access.expression.method.DefaultMethodSecurityExpressionHandler@134c38' of type [org.springframework.security.access.expression.method.DefaultMethodSecurityExpressionHandler] is not eligible for getting processed by all BeanPostProcessors (for example: not eligible for auto-proxying)
2020-04-26 16:36:34 INFO  seven-admin-server main org.springframework.context.support.PostProcessorRegistrationDelegate$BeanPostProcessorChecker Bean 'org.springframework.security.config.annotation.method.configuration.GlobalMethodSecurityConfiguration' of type [org.springframework.security.config.annotation.method.configuration.GlobalMethodSecurityConfiguration] is not eligible for getting processed by all BeanPostProcessors (for example: not eligible for auto-proxying)
2020-04-26 16:36:34 INFO  seven-admin-server main org.springframework.context.support.PostProcessorRegistrationDelegate$BeanPostProcessorChecker Bean 'methodSecurityMetadataSource' of type [org.springframework.security.access.method.DelegatingMethodSecurityMetadataSource] is not eligible for getting processed by all BeanPostProcessors (for example: not eligible for auto-proxying)
2020-04-26 16:36:34 INFO  seven-admin-server main org.springframework.context.support.PostProcessorRegistrationDelegate$BeanPostProcessorChecker Bean 'org.springframework.cloud.autoconfigure.ConfigurationPropertiesRebinderAutoConfiguration' of type [org.springframework.cloud.autoconfigure.ConfigurationPropertiesRebinderAutoConfiguration] is not eligible for getting processed by all BeanPostProcessors (for example: not eligible for auto-proxying)
2020-04-26 16:36:35 INFO  seven-admin-server main org.springframework.boot.web.embedded.tomcat.TomcatWebServer Tomcat initialized with port(s): 8201 (http)
2020-04-26 16:36:35 INFO  seven-admin-server main org.apache.coyote.http11.Http11NioProtocol Initializing ProtocolHandler ["http-nio-8201"]
2020-04-26 16:36:35 INFO  seven-admin-server main org.apache.catalina.core.StandardService Starting service [Tomcat]
2020-04-26 16:36:35 INFO  seven-admin-server main org.apache.catalina.core.StandardEngine Starting Servlet engine: [Apache Tomcat/9.0.31]
2020-04-26 16:36:35 INFO  seven-admin-server main org.apache.catalina.core.ContainerBase.[Tomcat].[localhost].[/] Initializing Spring embedded WebApplicationContext
2020-04-26 16:36:35 INFO  seven-admin-server main org.springframework.web.context.ContextLoader Root WebApplicationContext: initialization completed in 3722 ms
2020-04-26 16:36:35 INFO  seven-admin-server main com.netflix.config.sources.URLConfigurationSource To enable URLs as dynamic configuration sources, define System property archaius.configurationSource.additionalUrls or make config.properties available on classpath.
2020-04-26 16:36:35 INFO  seven-admin-server main com.netflix.config.DynamicPropertyFactory DynamicPropertyFactory is initialized with configuration sources: com.netflix.config.ConcurrentCompositeConfiguration@6ffdbeef
2020-04-26 16:36:37 INFO  seven-admin-server main com.alibaba.nacos.client.naming initializer namespace from System Property :null
2020-04-26 16:36:37 INFO  seven-admin-server main com.alibaba.nacos.client.naming initializer namespace from System Environment :null
2020-04-26 16:36:37 INFO  seven-admin-server main com.alibaba.nacos.client.naming initializer namespace from System Property :null
2020-04-26 16:36:37 INFO  seven-admin-server main com.baomidou.dynamic.datasource.DynamicRoutingDataSource dynamic-datasource detect P6SPY plugin and enabled it
2020-04-26 16:36:37 INFO  seven-admin-server main com.zaxxer.hikari.HikariDataSource base - Starting...
2020-04-26 16:36:38 INFO  seven-admin-server main org.apache.catalina.core.StandardService Stopping service [Tomcat]
2020-04-26 16:36:38 INFO  seven-admin-server main org.springframework.boot.autoconfigure.logging.ConditionEvaluationReportLoggingListener 

Error starting ApplicationContext. To display the conditions report re-run your application with 'debug' enabled.
2020-04-26 16:37:16 INFO  seven-admin-server main org.springframework.context.support.PostProcessorRegistrationDelegate$BeanPostProcessorChecker Bean 'org.springframework.cloud.autoconfigure.ConfigurationPropertiesRebinderAutoConfiguration' of type [org.springframework.cloud.autoconfigure.ConfigurationPropertiesRebinderAutoConfiguration] is not eligible for getting processed by all BeanPostProcessors (for example: not eligible for auto-proxying)
2020-04-26 16:37:17 INFO  seven-admin-server main com.alibaba.nacos.client.config.impl.LocalConfigInfoProcessor LOCAL_SNAPSHOT_PATH:C:\Users\chendongdong\nacos\config
2020-04-26 16:37:17 INFO  seven-admin-server main com.alibaba.nacos.client.config.impl.Limiter limitTime:5.0
2020-04-26 16:37:17 INFO  seven-admin-server main com.alibaba.nacos.client.config.utils.JVMUtil isMultiInstance:false
2020-04-26 16:37:17 INFO  seven-admin-server main org.springframework.cloud.bootstrap.config.PropertySourceBootstrapConfiguration Located property source: CompositePropertySource {name='NACOS', propertySources=[NacosPropertySource {name='seven-admin-server-dev.yaml,DEFAULT_GROUP'}, NacosPropertySource {name='seven-admin-server.yaml,DEFAULT_GROUP'}, NacosPropertySource {name='seven-admin-server,DEFAULT_GROUP'}]}
2020-04-26 16:37:17 INFO  seven-admin-server main cc.seven.admin.SevenAdminApplication The following profiles are active: dev
2020-04-26 16:37:19 INFO  seven-admin-server main org.springframework.cloud.context.scope.GenericScope BeanFactory id=df76a030-6194-35de-b88d-d923dec0f2f2
2020-04-26 16:37:20 INFO  seven-admin-server main org.springframework.context.support.PostProcessorRegistrationDelegate$BeanPostProcessorChecker Bean 'spring.datasource.dynamic-com.baomidou.dynamic.datasource.spring.boot.autoconfigure.DynamicDataSourceProperties' of type [com.baomidou.dynamic.datasource.spring.boot.autoconfigure.DynamicDataSourceProperties] is not eligible for getting processed by all BeanPostProcessors (for example: not eligible for auto-proxying)
2020-04-26 16:37:20 INFO  seven-admin-server main org.springframework.context.support.PostProcessorRegistrationDelegate$BeanPostProcessorChecker Bean 'com.baomidou.dynamic.datasource.spring.boot.autoconfigure.DynamicDataSourceAutoConfiguration' of type [com.baomidou.dynamic.datasource.spring.boot.autoconfigure.DynamicDataSourceAutoConfiguration$$EnhancerBySpringCGLIB$$b88acba0] is not eligible for getting processed by all BeanPostProcessors (for example: not eligible for auto-proxying)
2020-04-26 16:37:20 INFO  seven-admin-server main org.springframework.context.support.PostProcessorRegistrationDelegate$BeanPostProcessorChecker Bean 'dsProcessor' of type [com.baomidou.dynamic.datasource.processor.DsHeaderProcessor] is not eligible for getting processed by all BeanPostProcessors (for example: not eligible for auto-proxying)
2020-04-26 16:37:20 INFO  seven-admin-server main org.springframework.context.support.PostProcessorRegistrationDelegate$BeanPostProcessorChecker Bean 'dynamicDatasourceAnnotationAdvisor' of type [com.baomidou.dynamic.datasource.aop.DynamicDataSourceAnnotationAdvisor] is not eligible for getting processed by all BeanPostProcessors (for example: not eligible for auto-proxying)
2020-04-26 16:37:20 INFO  seven-admin-server main org.springframework.context.support.PostProcessorRegistrationDelegate$BeanPostProcessorChecker Bean 'org.springframework.security.config.annotation.configuration.ObjectPostProcessorConfiguration' of type [org.springframework.security.config.annotation.configuration.ObjectPostProcessorConfiguration] is not eligible for getting processed by all BeanPostProcessors (for example: not eligible for auto-proxying)
2020-04-26 16:37:20 INFO  seven-admin-server main org.springframework.context.support.PostProcessorRegistrationDelegate$BeanPostProcessorChecker Bean 'objectPostProcessor' of type [org.springframework.security.config.annotation.configuration.AutowireBeanFactoryObjectPostProcessor] is not eligible for getting processed by all BeanPostProcessors (for example: not eligible for auto-proxying)
2020-04-26 16:37:20 INFO  seven-admin-server main org.springframework.context.support.PostProcessorRegistrationDelegate$BeanPostProcessorChecker Bean 'org.springframework.security.access.expression.method.DefaultMethodSecurityExpressionHandler@d66502' of type [org.springframework.security.access.expression.method.DefaultMethodSecurityExpressionHandler] is not eligible for getting processed by all BeanPostProcessors (for example: not eligible for auto-proxying)
2020-04-26 16:37:20 INFO  seven-admin-server main org.springframework.context.support.PostProcessorRegistrationDelegate$BeanPostProcessorChecker Bean 'org.springframework.security.config.annotation.method.configuration.GlobalMethodSecurityConfiguration' of type [org.springframework.security.config.annotation.method.configuration.GlobalMethodSecurityConfiguration] is not eligible for getting processed by all BeanPostProcessors (for example: not eligible for auto-proxying)
2020-04-26 16:37:20 INFO  seven-admin-server main org.springframework.context.support.PostProcessorRegistrationDelegate$BeanPostProcessorChecker Bean 'methodSecurityMetadataSource' of type [org.springframework.security.access.method.DelegatingMethodSecurityMetadataSource] is not eligible for getting processed by all BeanPostProcessors (for example: not eligible for auto-proxying)
2020-04-26 16:37:20 INFO  seven-admin-server main org.springframework.context.support.PostProcessorRegistrationDelegate$BeanPostProcessorChecker Bean 'org.springframework.cloud.autoconfigure.ConfigurationPropertiesRebinderAutoConfiguration' of type [org.springframework.cloud.autoconfigure.ConfigurationPropertiesRebinderAutoConfiguration] is not eligible for getting processed by all BeanPostProcessors (for example: not eligible for auto-proxying)
2020-04-26 16:37:21 INFO  seven-admin-server main org.springframework.boot.web.embedded.tomcat.TomcatWebServer Tomcat initialized with port(s): 8201 (http)
2020-04-26 16:37:21 INFO  seven-admin-server main org.apache.coyote.http11.Http11NioProtocol Initializing ProtocolHandler ["http-nio-8201"]
2020-04-26 16:37:21 INFO  seven-admin-server main org.apache.catalina.core.StandardService Starting service [Tomcat]
2020-04-26 16:37:21 INFO  seven-admin-server main org.apache.catalina.core.StandardEngine Starting Servlet engine: [Apache Tomcat/9.0.31]
2020-04-26 16:37:21 INFO  seven-admin-server main org.apache.catalina.core.ContainerBase.[Tomcat].[localhost].[/] Initializing Spring embedded WebApplicationContext
2020-04-26 16:37:21 INFO  seven-admin-server main org.springframework.web.context.ContextLoader Root WebApplicationContext: initialization completed in 3641 ms
2020-04-26 16:37:21 INFO  seven-admin-server main com.netflix.config.sources.URLConfigurationSource To enable URLs as dynamic configuration sources, define System property archaius.configurationSource.additionalUrls or make config.properties available on classpath.
2020-04-26 16:37:21 INFO  seven-admin-server main com.netflix.config.DynamicPropertyFactory DynamicPropertyFactory is initialized with configuration sources: com.netflix.config.ConcurrentCompositeConfiguration@552088cc
2020-04-26 16:37:22 INFO  seven-admin-server main com.alibaba.nacos.client.naming initializer namespace from System Property :null
2020-04-26 16:37:22 INFO  seven-admin-server main com.alibaba.nacos.client.naming initializer namespace from System Environment :null
2020-04-26 16:37:22 INFO  seven-admin-server main com.alibaba.nacos.client.naming initializer namespace from System Property :null
2020-04-26 16:37:22 INFO  seven-admin-server main com.baomidou.dynamic.datasource.DynamicRoutingDataSource dynamic-datasource detect P6SPY plugin and enabled it
2020-04-26 16:37:22 INFO  seven-admin-server main com.zaxxer.hikari.HikariDataSource base - Starting...
2020-04-26 16:37:23 INFO  seven-admin-server main com.zaxxer.hikari.HikariDataSource base - Start completed.
2020-04-26 16:37:23 INFO  seven-admin-server main com.baomidou.dynamic.datasource.DynamicRoutingDataSource dynamic-datasource [base] wrap p6spy plugin
2020-04-26 16:37:23 INFO  seven-admin-server main com.baomidou.dynamic.datasource.DynamicRoutingDataSource dynamic-datasource - load a datasource named [base] success
2020-04-26 16:37:23 INFO  seven-admin-server main com.baomidou.dynamic.datasource.DynamicRoutingDataSource dynamic-datasource initial loaded [1] datasource,primary datasource named [base]
2020-04-26 16:37:23 INFO  seven-admin-server main org.springframework.boot.actuate.endpoint.web.ServletEndpointRegistrar Registered '/actuator/jolokia' to jolokia-actuator-endpoint
2020-04-26 16:37:26 INFO  seven-admin-server main com.zaxxer.hikari.HikariDataSource HikariPool-1 - Starting...
2020-04-26 16:37:27 INFO  seven-admin-server main com.zaxxer.hikari.HikariDataSource HikariPool-1 - Start completed.
2020-04-26 16:37:27 INFO  seven-admin-server main com.codingapi.txlcn.tc.corelog.H2DbHelper Init H2 DATABASE at D:\ideaWorks\sevendependencies\seven-cloud\.txlcn\seven-admin-server-8201
2020-04-26 16:37:27 INFO  seven-admin-server main com.codingapi.txlcn.logger.db.LogDbProperties TxLogger used user's config.
2020-04-26 16:37:27 INFO  seven-admin-server main org.springframework.scheduling.concurrent.ThreadPoolTaskExecutor Initializing ExecutorService
2020-04-26 16:37:27 INFO  seven-admin-server main org.springframework.scheduling.concurrent.ThreadPoolTaskExecutor Initializing ExecutorService 'sevenAsyncThreadPool'
2020-04-26 16:37:27 INFO  seven-admin-server main com.netflix.config.sources.URLConfigurationSource To enable URLs as dynamic configuration sources, define System property archaius.configurationSource.additionalUrls or make config.properties available on classpath.
2020-04-26 16:37:28 INFO  seven-admin-server main org.springframework.scheduling.concurrent.ThreadPoolTaskScheduler Initializing ExecutorService 'Nacso-Watch-Task-Scheduler'
2020-04-26 16:37:29 INFO  seven-admin-server main org.springframework.scheduling.concurrent.ThreadPoolTaskScheduler Initializing ExecutorService
2020-04-26 16:37:29 INFO  seven-admin-server main org.springframework.security.web.DefaultSecurityFilterChain Creating filter chain: any request, [org.springframework.security.web.context.request.async.WebAsyncManagerIntegrationFilter@77fec3b6, org.springframework.security.web.context.SecurityContextPersistenceFilter@25727f74, org.springframework.security.web.header.HeaderWriterFilter@5f3fa154, org.springframework.security.web.csrf.CsrfFilter@4ac7f844, org.springframework.security.web.authentication.logout.LogoutFilter@54950027, org.springframework.security.web.authentication.UsernamePasswordAuthenticationFilter@43baf0b9, org.springframework.security.web.authentication.ui.DefaultLoginPageGeneratingFilter@10db002c, org.springframework.security.web.authentication.ui.DefaultLogoutPageGeneratingFilter@71fd082, org.springframework.security.web.authentication.www.BasicAuthenticationFilter@eb7d4ba, org.springframework.security.web.savedrequest.RequestCacheAwareFilter@363b7709, org.springframework.security.web.servletapi.SecurityContextHolderAwareRequestFilter@27131d01, org.springframework.security.web.authentication.AnonymousAuthenticationFilter@6d50b8c2, org.springframework.security.web.session.SessionManagementFilter@5f8089d2, org.springframework.security.web.access.ExceptionTranslationFilter@11a88d87, org.springframework.security.web.access.intercept.FilterSecurityInterceptor@7e4f5062]
2020-04-26 16:37:31 INFO  seven-admin-server main org.springframework.boot.actuate.endpoint.web.EndpointLinksResolver Exposing 21 endpoint(s) beneath base path '/actuator'
2020-04-26 16:37:31 INFO  seven-admin-server main org.apache.coyote.http11.Http11NioProtocol Starting ProtocolHandler ["http-nio-8201"]
2020-04-26 16:37:31 INFO  seven-admin-server main org.springframework.boot.web.embedded.tomcat.TomcatWebServer Tomcat started on port(s): 8201 (http) with context path ''
2020-04-26 16:37:31 INFO  seven-admin-server main com.alibaba.nacos.client.naming [BEAT] adding beat: {"cluster":"DEFAULT","ip":"172.30.34.62","metadata":{"preserved.register.source":"SPRING_CLOUD"},"period":5000,"port":8201,"scheduled":false,"serviceName":"DEFAULT_GROUP@@seven-admin-server","stopped":false,"weight":1.0} to beat map.
2020-04-26 16:37:31 INFO  seven-admin-server main com.alibaba.nacos.client.naming [REGISTER-SERVICE] public registering service DEFAULT_GROUP@@seven-admin-server with instance: {"clusterName":"DEFAULT","enabled":true,"ephemeral":true,"healthy":true,"instanceHeartBeatInterval":5000,"instanceHeartBeatTimeOut":15000,"ip":"172.30.34.62","ipDeleteTimeout":30000,"metadata":{"preserved.register.source":"SPRING_CLOUD"},"port":8201,"weight":1.0}
2020-04-26 16:37:31 INFO  seven-admin-server main com.alibaba.cloud.nacos.registry.NacosServiceRegistry nacos registry, DEFAULT_GROUP seven-admin-server 172.30.34.62:8201 register finished
2020-04-26 16:37:32 INFO  seven-admin-server main cc.seven.admin.SevenAdminApplication Started SevenAdminApplication in 18.499 seconds (JVM running for 19.363)
2020-04-26 16:37:32 INFO  seven-admin-server main com.codingapi.txlcn.txmsg.netty.impl.NettyRpcClientInitializer Try connect socket(${SEVEN-tx-manager}:8888) - count 1
2020-04-26 16:37:39 INFO  seven-admin-server main com.codingapi.txlcn.txmsg.netty.impl.NettyRpcClientInitializer Try connect socket(${SEVEN-tx-manager}:8888) - count 2
2020-04-26 16:37:45 INFO  seven-admin-server main com.codingapi.txlcn.txmsg.netty.impl.NettyRpcClientInitializer Try connect socket(${SEVEN-tx-manager}:8888) - count 3
2020-04-26 16:37:51 INFO  seven-admin-server main com.codingapi.txlcn.txmsg.netty.impl.NettyRpcClientInitializer Try connect socket(${SEVEN-tx-manager}:8888) - count 4
2020-04-26 16:37:57 INFO  seven-admin-server main com.codingapi.txlcn.txmsg.netty.impl.NettyRpcClientInitializer Try connect socket(${SEVEN-tx-manager}:8888) - count 5
2020-04-26 16:38:03 INFO  seven-admin-server main com.codingapi.txlcn.txmsg.netty.impl.NettyRpcClientInitializer Try connect socket(${SEVEN-tx-manager}:8888) - count 6
2020-04-26 16:38:09 INFO  seven-admin-server main com.codingapi.txlcn.txmsg.netty.impl.NettyRpcClientInitializer Try connect socket(${SEVEN-tx-manager}:8888) - count 7
2020-04-26 16:38:15 INFO  seven-admin-server main com.codingapi.txlcn.txmsg.netty.impl.NettyRpcClientInitializer Try connect socket(${SEVEN-tx-manager}:8888) - count 8
2020-04-26 16:38:21 INFO  seven-admin-server main com.codingapi.txlcn.tc.txmsg.TMSearcher Searching for more TM...
2020-04-26 16:38:21 INFO  seven-admin-server main org.springframework.boot.autoconfigure.logging.ConditionEvaluationReportLoggingListener 

Error starting ApplicationContext. To display the conditions report re-run your application with 'debug' enabled.
2020-04-26 16:38:21 INFO  seven-admin-server main org.springframework.scheduling.concurrent.ThreadPoolTaskScheduler Shutting down ExecutorService
2020-04-26 16:38:21 INFO  seven-admin-server main com.alibaba.cloud.nacos.registry.NacosServiceRegistry De-registering from Nacos Server now...
2020-04-26 16:38:21 INFO  seven-admin-server main com.alibaba.nacos.client.naming [BEAT] removing beat: DEFAULT_GROUP@@seven-admin-server:172.30.34.62:8201 from beat map.
2020-04-26 16:38:21 INFO  seven-admin-server main com.alibaba.nacos.client.naming [DEREGISTER-SERVICE] public deregistering service DEFAULT_GROUP@@seven-admin-server with instance: {"clusterName":"DEFAULT","enabled":true,"ephemeral":true,"healthy":true,"instanceHeartBeatInterval":5000,"instanceHeartBeatTimeOut":15000,"instanceIdGenerator":"simple","ip":"172.30.34.62","ipDeleteTimeout":30000,"metadata":{},"port":8201,"weight":1.0}
2020-04-26 16:38:21 INFO  seven-admin-server main com.alibaba.cloud.nacos.registry.NacosServiceRegistry De-registration finished.
2020-04-26 16:38:21 INFO  seven-admin-server main org.springframework.scheduling.concurrent.ThreadPoolTaskExecutor Shutting down ExecutorService 'sevenAsyncThreadPool'
2020-04-26 16:38:21 INFO  seven-admin-server main com.codingapi.txlcn.txmsg.netty.impl.NettyRpcServerInitializer server was down.
2020-04-26 16:38:21 INFO  seven-admin-server main com.codingapi.txlcn.txmsg.netty.impl.NettyRpcClientInitializer RPC client was down.
2020-04-26 16:38:21 INFO  seven-admin-server main com.zaxxer.hikari.HikariDataSource HikariPool-1 - Shutdown initiated...
2020-04-26 16:38:22 INFO  seven-admin-server main com.zaxxer.hikari.HikariDataSource HikariPool-1 - Shutdown completed.
2020-04-26 16:38:22 INFO  seven-admin-server main com.codingapi.txlcn.tc.corelog.H2DbHelper log hikariDataSource close.
2020-04-26 16:38:22 INFO  seven-admin-server main com.baomidou.dynamic.datasource.DynamicRoutingDataSource dynamic-datasource start closing ....
2020-04-26 16:38:22 INFO  seven-admin-server main com.zaxxer.hikari.HikariDataSource base - Shutdown initiated...
2020-04-26 16:38:22 INFO  seven-admin-server main com.zaxxer.hikari.HikariDataSource base - Shutdown completed.
2020-04-26 16:38:22 INFO  seven-admin-server main com.baomidou.dynamic.datasource.DynamicRoutingDataSource dynamic-datasource all closed success,bye
