2020-04-24 17:34:35 INFO  SEVEN-Gateway main org.springframework.context.support.PostProcessorRegistrationDelegate$BeanPostProcessorChecker Bean 'org.springframework.cloud.autoconfigure.ConfigurationPropertiesRebinderAutoConfiguration' of type [org.springframework.cloud.autoconfigure.ConfigurationPropertiesRebinderAutoConfiguration] is not eligible for getting processed by all BeanPostProcessors (for example: not eligible for auto-proxying)
2020-04-24 17:34:36 INFO  SEVEN-Gateway main com.alibaba.nacos.client.config.impl.LocalConfigInfoProcessor LOCAL_SNAPSHOT_PATH:C:\Users\chendongdong\nacos\config
2020-04-24 17:34:36 INFO  SEVEN-Gateway main com.alibaba.nacos.client.config.impl.Limiter limitTime:5.0
2020-04-24 17:34:37 INFO  SEVEN-Gateway main org.springframework.cloud.bootstrap.config.PropertySourceBootstrapConfiguration Located property source: CompositePropertySource {name='NACOS', propertySources=[NacosPropertySource {name='seven-gateway.yaml,DEFAULT_GROUP'}, NacosPropertySource {name='seven-gateway,DEFAULT_GROUP'}]}
2020-04-24 17:34:37 INFO  SEVEN-Gateway main cc.seven.gateway.SevenGatewayApplication No active profile set, falling back to default profiles: default
2020-04-24 17:34:38 INFO  SEVEN-Gateway main org.springframework.data.repository.config.RepositoryConfigurationDelegate Bootstrapping Spring Data Reactive MongoDB repositories in DEFAULT mode.
2020-04-24 17:34:38 INFO  SEVEN-Gateway main org.springframework.data.repository.config.RepositoryConfigurationDelegate Finished Spring Data repository scanning in 21ms. Found 0 Reactive MongoDB repository interfaces.
2020-04-24 17:34:38 INFO  SEVEN-Gateway main org.springframework.data.repository.config.RepositoryConfigurationDelegate Bootstrapping Spring Data MongoDB repositories in DEFAULT mode.
2020-04-24 17:34:38 INFO  SEVEN-Gateway main org.springframework.data.repository.config.RepositoryConfigurationDelegate Finished Spring Data repository scanning in 4ms. Found 0 MongoDB repository interfaces.
2020-04-24 17:34:38 INFO  SEVEN-Gateway main org.springframework.cloud.context.scope.GenericScope BeanFactory id=5e1c2283-722f-36c9-a7de-fff9f456af98
2020-04-24 17:34:38 INFO  SEVEN-Gateway main org.springframework.context.support.PostProcessorRegistrationDelegate$BeanPostProcessorChecker Bean 'org.springframework.cloud.autoconfigure.ConfigurationPropertiesRebinderAutoConfiguration' of type [org.springframework.cloud.autoconfigure.ConfigurationPropertiesRebinderAutoConfiguration] is not eligible for getting processed by all BeanPostProcessors (for example: not eligible for auto-proxying)
2020-04-24 17:34:38 INFO  SEVEN-Gateway main org.springframework.context.support.PostProcessorRegistrationDelegate$BeanPostProcessorChecker Bean 'org.springframework.cloud.client.loadbalancer.reactive.LoadBalancerBeanPostProcessorAutoConfiguration' of type [org.springframework.cloud.client.loadbalancer.reactive.LoadBalancerBeanPostProcessorAutoConfiguration] is not eligible for getting processed by all BeanPostProcessors (for example: not eligible for auto-proxying)
2020-04-24 17:34:38 INFO  SEVEN-Gateway main org.springframework.context.support.PostProcessorRegistrationDelegate$BeanPostProcessorChecker Bean 'org.springframework.cloud.client.loadbalancer.reactive.LoadBalancerBeanPostProcessorAutoConfiguration$ReactiveLoadBalancerConfig' of type [org.springframework.cloud.client.loadbalancer.reactive.LoadBalancerBeanPostProcessorAutoConfiguration$ReactiveLoadBalancerConfig] is not eligible for getting processed by all BeanPostProcessors (for example: not eligible for auto-proxying)
2020-04-24 17:34:38 INFO  SEVEN-Gateway main org.springframework.context.support.PostProcessorRegistrationDelegate$BeanPostProcessorChecker Bean 'deferringLoadBalancerExchangeFilterFunction' of type [org.springframework.cloud.client.loadbalancer.reactive.DeferringLoadBalancerExchangeFilterFunction] is not eligible for getting processed by all BeanPostProcessors (for example: not eligible for auto-proxying)
2020-04-24 17:34:39 INFO  SEVEN-Gateway main org.springframework.boot.autoconfigure.security.reactive.ReactiveUserDetailsServiceAutoConfiguration 

Using generated security password: cdc4aa4b-73fc-467b-8d91-2073e3713a1e

2020-04-24 17:34:39 INFO  SEVEN-Gateway main com.netflix.config.sources.URLConfigurationSource To enable URLs as dynamic configuration sources, define System property archaius.configurationSource.additionalUrls or make config.properties available on classpath.
2020-04-24 17:34:39 INFO  SEVEN-Gateway main com.netflix.config.sources.URLConfigurationSource To enable URLs as dynamic configuration sources, define System property archaius.configurationSource.additionalUrls or make config.properties available on classpath.
2020-04-24 17:34:41 INFO  SEVEN-Gateway main org.springframework.cloud.gateway.route.RouteDefinitionRouteLocator Loaded RoutePredicateFactory [After]
2020-04-24 17:34:41 INFO  SEVEN-Gateway main org.springframework.cloud.gateway.route.RouteDefinitionRouteLocator Loaded RoutePredicateFactory [Before]
2020-04-24 17:34:41 INFO  SEVEN-Gateway main org.springframework.cloud.gateway.route.RouteDefinitionRouteLocator Loaded RoutePredicateFactory [Between]
2020-04-24 17:34:41 INFO  SEVEN-Gateway main org.springframework.cloud.gateway.route.RouteDefinitionRouteLocator Loaded RoutePredicateFactory [Cookie]
2020-04-24 17:34:41 INFO  SEVEN-Gateway main org.springframework.cloud.gateway.route.RouteDefinitionRouteLocator Loaded RoutePredicateFactory [Header]
2020-04-24 17:34:41 INFO  SEVEN-Gateway main org.springframework.cloud.gateway.route.RouteDefinitionRouteLocator Loaded RoutePredicateFactory [Host]
2020-04-24 17:34:41 INFO  SEVEN-Gateway main org.springframework.cloud.gateway.route.RouteDefinitionRouteLocator Loaded RoutePredicateFactory [Method]
2020-04-24 17:34:41 INFO  SEVEN-Gateway main org.springframework.cloud.gateway.route.RouteDefinitionRouteLocator Loaded RoutePredicateFactory [Path]
2020-04-24 17:34:41 INFO  SEVEN-Gateway main org.springframework.cloud.gateway.route.RouteDefinitionRouteLocator Loaded RoutePredicateFactory [Query]
2020-04-24 17:34:41 INFO  SEVEN-Gateway main org.springframework.cloud.gateway.route.RouteDefinitionRouteLocator Loaded RoutePredicateFactory [ReadBodyPredicateFactory]
2020-04-24 17:34:41 INFO  SEVEN-Gateway main org.springframework.cloud.gateway.route.RouteDefinitionRouteLocator Loaded RoutePredicateFactory [RemoteAddr]
2020-04-24 17:34:41 INFO  SEVEN-Gateway main org.springframework.cloud.gateway.route.RouteDefinitionRouteLocator Loaded RoutePredicateFactory [Weight]
2020-04-24 17:34:41 INFO  SEVEN-Gateway main org.springframework.cloud.gateway.route.RouteDefinitionRouteLocator Loaded RoutePredicateFactory [CloudFoundryRouteService]
2020-04-24 17:34:42 INFO  SEVEN-Gateway main com.alibaba.nacos.client.naming initializer namespace from System Property :null
2020-04-24 17:34:42 INFO  SEVEN-Gateway main com.alibaba.nacos.client.naming initializer namespace from System Environment :null
2020-04-24 17:34:42 INFO  SEVEN-Gateway main com.alibaba.nacos.client.naming initializer namespace from System Property :null
2020-04-24 17:34:42 INFO  SEVEN-Gateway main org.mongodb.driver.cluster Cluster created with settings {hosts=[localhost:27017], mode=SINGLE, requiredClusterType=UNKNOWN, serverSelectionTimeout='30000 ms', maxWaitQueueSize=500}
2020-04-24 17:34:43 INFO  SEVEN-Gateway main org.mongodb.driver.cluster Cluster created with settings {hosts=[localhost:27017], mode=SINGLE, requiredClusterType=UNKNOWN, serverSelectionTimeout='30000 ms', maxWaitQueueSize=500}
2020-04-24 17:34:44 INFO  SEVEN-Gateway main org.springframework.boot.actuate.endpoint.web.EndpointLinksResolver Exposing 2 endpoint(s) beneath base path '/actuator'
2020-04-24 17:34:44 INFO  SEVEN-Gateway main org.springframework.scheduling.concurrent.ThreadPoolTaskScheduler Initializing ExecutorService 'Nacso-Watch-Task-Scheduler'
2020-04-24 17:34:45 INFO  SEVEN-Gateway cluster-ClusterId{value='5ea2b2b365e8537beacb5296', description='null'}-localhost:27017 org.mongodb.driver.cluster Exception in monitor thread while connecting to server localhost:27017
com.mongodb.MongoSocketOpenException: Exception opening socket
	at com.mongodb.internal.connection.SocketStream.open(SocketStream.java:70)
	at com.mongodb.internal.connection.InternalStreamConnection.open(InternalStreamConnection.java:128)
	at com.mongodb.internal.connection.DefaultServerMonitor$ServerMonitorRunnable.run(DefaultServerMonitor.java:117)
	at java.lang.Thread.run(Thread.java:748)
Caused by: java.net.ConnectException: Connection refused: connect
	at java.net.DualStackPlainSocketImpl.waitForConnect(Native Method)
	at java.net.DualStackPlainSocketImpl.socketConnect(DualStackPlainSocketImpl.java:85)
	at java.net.AbstractPlainSocketImpl.doConnect(AbstractPlainSocketImpl.java:350)
	at java.net.AbstractPlainSocketImpl.connectToAddress(AbstractPlainSocketImpl.java:206)
	at java.net.AbstractPlainSocketImpl.connect(AbstractPlainSocketImpl.java:188)
	at java.net.PlainSocketImpl.connect(PlainSocketImpl.java:172)
	at java.net.SocksSocketImpl.connect(SocksSocketImpl.java:392)
	at java.net.Socket.connect(Socket.java:589)
	at com.mongodb.internal.connection.SocketStreamHelper.initialize(SocketStreamHelper.java:64)
	at com.mongodb.internal.connection.SocketStream.initializeSocket(SocketStream.java:79)
	at com.mongodb.internal.connection.SocketStream.open(SocketStream.java:65)
	... 3 common frames omitted
2020-04-24 17:34:46 INFO  SEVEN-Gateway main org.springframework.boot.web.embedded.netty.NettyWebServer Netty started on port(s): 8080
2020-04-24 17:34:47 INFO  SEVEN-Gateway cluster-ClusterId{value='5ea2b2b265e8537beacb5295', description='null'}-localhost:27017 org.mongodb.driver.cluster Exception in monitor thread while connecting to server localhost:27017
com.mongodb.MongoSocketOpenException: Exception opening socket
	at com.mongodb.connection.netty.NettyStream$OpenChannelFutureListener.operationComplete(NettyStream.java:410)
	at com.mongodb.connection.netty.NettyStream$OpenChannelFutureListener.operationComplete(NettyStream.java:385)
	at io.netty.util.concurrent.DefaultPromise.notifyListener0(DefaultPromise.java:577)
	at io.netty.util.concurrent.DefaultPromise.notifyListeners0(DefaultPromise.java:570)
	at io.netty.util.concurrent.DefaultPromise.notifyListenersNow(DefaultPromise.java:549)
	at io.netty.util.concurrent.DefaultPromise.notifyListeners(DefaultPromise.java:490)
	at io.netty.util.concurrent.DefaultPromise.setValue0(DefaultPromise.java:615)
	at io.netty.util.concurrent.DefaultPromise.setFailure0(DefaultPromise.java:608)
	at io.netty.util.concurrent.DefaultPromise.tryFailure(DefaultPromise.java:117)
	at io.netty.channel.nio.AbstractNioChannel$AbstractNioUnsafe.fulfillConnectPromise(AbstractNioChannel.java:321)
	at io.netty.channel.nio.AbstractNioChannel$AbstractNioUnsafe.finishConnect(AbstractNioChannel.java:337)
	at io.netty.channel.nio.NioEventLoop.processSelectedKey(NioEventLoop.java:702)
	at io.netty.channel.nio.NioEventLoop.processSelectedKeysOptimized(NioEventLoop.java:650)
	at io.netty.channel.nio.NioEventLoop.processSelectedKeys(NioEventLoop.java:576)
	at io.netty.channel.nio.NioEventLoop.run(NioEventLoop.java:493)
	at io.netty.util.concurrent.SingleThreadEventExecutor$4.run(SingleThreadEventExecutor.java:989)
	at io.netty.util.internal.ThreadExecutorMap$2.run(ThreadExecutorMap.java:74)
	at io.netty.util.concurrent.FastThreadLocalRunnable.run(FastThreadLocalRunnable.java:30)
	at java.lang.Thread.run(Thread.java:748)
Caused by: io.netty.channel.AbstractChannel$AnnotatedConnectException: Connection refused: no further information: localhost/0:0:0:0:0:0:0:1:27017
Caused by: java.net.ConnectException: Connection refused: no further information
	at sun.nio.ch.SocketChannelImpl.checkConnect(Native Method)
	at sun.nio.ch.SocketChannelImpl.finishConnect(SocketChannelImpl.java:717)
	at io.netty.channel.socket.nio.NioSocketChannel.doFinishConnect(NioSocketChannel.java:330)
	at io.netty.channel.nio.AbstractNioChannel$AbstractNioUnsafe.finishConnect(AbstractNioChannel.java:334)
	at io.netty.channel.nio.NioEventLoop.processSelectedKey(NioEventLoop.java:702)
	at io.netty.channel.nio.NioEventLoop.processSelectedKeysOptimized(NioEventLoop.java:650)
	at io.netty.channel.nio.NioEventLoop.processSelectedKeys(NioEventLoop.java:576)
	at io.netty.channel.nio.NioEventLoop.run(NioEventLoop.java:493)
	at io.netty.util.concurrent.SingleThreadEventExecutor$4.run(SingleThreadEventExecutor.java:989)
	at io.netty.util.internal.ThreadExecutorMap$2.run(ThreadExecutorMap.java:74)
	at io.netty.util.concurrent.FastThreadLocalRunnable.run(FastThreadLocalRunnable.java:30)
	at java.lang.Thread.run(Thread.java:748)
2020-04-24 17:34:48 INFO  SEVEN-Gateway main com.alibaba.nacos.client.naming [BEAT] adding beat: {"cluster":"DEFAULT","ip":"172.30.36.107","metadata":{"preserved.register.source":"SPRING_CLOUD"},"period":5000,"port":8080,"scheduled":false,"serviceName":"DEFAULT_GROUP@@SEVEN-Gateway","stopped":false,"weight":1.0} to beat map.
2020-04-24 17:34:48 INFO  SEVEN-Gateway main com.alibaba.nacos.client.naming [REGISTER-SERVICE] public registering service DEFAULT_GROUP@@SEVEN-Gateway with instance: {"clusterName":"DEFAULT","enabled":true,"ephemeral":true,"healthy":true,"instanceHeartBeatInterval":5000,"instanceHeartBeatTimeOut":15000,"ip":"172.30.36.107","ipDeleteTimeout":30000,"metadata":{"preserved.register.source":"SPRING_CLOUD"},"port":8080,"weight":1.0}
2020-04-24 17:34:48 INFO  SEVEN-Gateway main org.springframework.boot.autoconfigure.logging.ConditionEvaluationReportLoggingListener 

Error starting ApplicationContext. To display the conditions report re-run your application with 'debug' enabled.
2020-04-24 17:35:28 INFO  SEVEN-Gateway main org.springframework.context.support.PostProcessorRegistrationDelegate$BeanPostProcessorChecker Bean 'org.springframework.cloud.autoconfigure.ConfigurationPropertiesRebinderAutoConfiguration' of type [org.springframework.cloud.autoconfigure.ConfigurationPropertiesRebinderAutoConfiguration] is not eligible for getting processed by all BeanPostProcessors (for example: not eligible for auto-proxying)
2020-04-24 17:35:29 INFO  SEVEN-Gateway main com.alibaba.nacos.client.config.impl.LocalConfigInfoProcessor LOCAL_SNAPSHOT_PATH:C:\Users\chendongdong\nacos\config
2020-04-24 17:35:29 INFO  SEVEN-Gateway main com.alibaba.nacos.client.config.impl.Limiter limitTime:5.0
2020-04-24 17:35:29 INFO  SEVEN-Gateway main org.springframework.cloud.bootstrap.config.PropertySourceBootstrapConfiguration Located property source: CompositePropertySource {name='NACOS', propertySources=[NacosPropertySource {name='seven-gateway.yaml,DEFAULT_GROUP'}, NacosPropertySource {name='seven-gateway,DEFAULT_GROUP'}]}
2020-04-24 17:35:30 INFO  SEVEN-Gateway main cc.seven.gateway.SevenGatewayApplication No active profile set, falling back to default profiles: default
2020-04-24 17:35:30 INFO  SEVEN-Gateway main org.springframework.data.repository.config.RepositoryConfigurationDelegate Bootstrapping Spring Data Reactive MongoDB repositories in DEFAULT mode.
2020-04-24 17:35:30 INFO  SEVEN-Gateway main org.springframework.data.repository.config.RepositoryConfigurationDelegate Finished Spring Data repository scanning in 19ms. Found 0 Reactive MongoDB repository interfaces.
2020-04-24 17:35:30 INFO  SEVEN-Gateway main org.springframework.data.repository.config.RepositoryConfigurationDelegate Bootstrapping Spring Data MongoDB repositories in DEFAULT mode.
2020-04-24 17:35:30 INFO  SEVEN-Gateway main org.springframework.data.repository.config.RepositoryConfigurationDelegate Finished Spring Data repository scanning in 3ms. Found 0 MongoDB repository interfaces.
2020-04-24 17:35:31 INFO  SEVEN-Gateway main org.springframework.cloud.context.scope.GenericScope BeanFactory id=5e1c2283-722f-36c9-a7de-fff9f456af98
2020-04-24 17:35:31 INFO  SEVEN-Gateway main org.springframework.context.support.PostProcessorRegistrationDelegate$BeanPostProcessorChecker Bean 'org.springframework.cloud.autoconfigure.ConfigurationPropertiesRebinderAutoConfiguration' of type [org.springframework.cloud.autoconfigure.ConfigurationPropertiesRebinderAutoConfiguration] is not eligible for getting processed by all BeanPostProcessors (for example: not eligible for auto-proxying)
2020-04-24 17:35:31 INFO  SEVEN-Gateway main org.springframework.context.support.PostProcessorRegistrationDelegate$BeanPostProcessorChecker Bean 'org.springframework.cloud.client.loadbalancer.reactive.LoadBalancerBeanPostProcessorAutoConfiguration' of type [org.springframework.cloud.client.loadbalancer.reactive.LoadBalancerBeanPostProcessorAutoConfiguration] is not eligible for getting processed by all BeanPostProcessors (for example: not eligible for auto-proxying)
2020-04-24 17:35:31 INFO  SEVEN-Gateway main org.springframework.context.support.PostProcessorRegistrationDelegate$BeanPostProcessorChecker Bean 'org.springframework.cloud.client.loadbalancer.reactive.LoadBalancerBeanPostProcessorAutoConfiguration$ReactiveLoadBalancerConfig' of type [org.springframework.cloud.client.loadbalancer.reactive.LoadBalancerBeanPostProcessorAutoConfiguration$ReactiveLoadBalancerConfig] is not eligible for getting processed by all BeanPostProcessors (for example: not eligible for auto-proxying)
2020-04-24 17:35:31 INFO  SEVEN-Gateway main org.springframework.context.support.PostProcessorRegistrationDelegate$BeanPostProcessorChecker Bean 'deferringLoadBalancerExchangeFilterFunction' of type [org.springframework.cloud.client.loadbalancer.reactive.DeferringLoadBalancerExchangeFilterFunction] is not eligible for getting processed by all BeanPostProcessors (for example: not eligible for auto-proxying)
2020-04-24 17:35:31 INFO  SEVEN-Gateway main org.springframework.boot.autoconfigure.security.reactive.ReactiveUserDetailsServiceAutoConfiguration 

Using generated security password: 3233a16a-1c3a-47b2-a746-e4e9250e798a

2020-04-24 17:35:31 INFO  SEVEN-Gateway main com.netflix.config.sources.URLConfigurationSource To enable URLs as dynamic configuration sources, define System property archaius.configurationSource.additionalUrls or make config.properties available on classpath.
2020-04-24 17:35:31 INFO  SEVEN-Gateway main com.netflix.config.sources.URLConfigurationSource To enable URLs as dynamic configuration sources, define System property archaius.configurationSource.additionalUrls or make config.properties available on classpath.
2020-04-24 17:35:34 INFO  SEVEN-Gateway main org.springframework.cloud.gateway.route.RouteDefinitionRouteLocator Loaded RoutePredicateFactory [After]
2020-04-24 17:35:34 INFO  SEVEN-Gateway main org.springframework.cloud.gateway.route.RouteDefinitionRouteLocator Loaded RoutePredicateFactory [Before]
2020-04-24 17:35:34 INFO  SEVEN-Gateway main org.springframework.cloud.gateway.route.RouteDefinitionRouteLocator Loaded RoutePredicateFactory [Between]
2020-04-24 17:35:34 INFO  SEVEN-Gateway main org.springframework.cloud.gateway.route.RouteDefinitionRouteLocator Loaded RoutePredicateFactory [Cookie]
2020-04-24 17:35:34 INFO  SEVEN-Gateway main org.springframework.cloud.gateway.route.RouteDefinitionRouteLocator Loaded RoutePredicateFactory [Header]
2020-04-24 17:35:34 INFO  SEVEN-Gateway main org.springframework.cloud.gateway.route.RouteDefinitionRouteLocator Loaded RoutePredicateFactory [Host]
2020-04-24 17:35:34 INFO  SEVEN-Gateway main org.springframework.cloud.gateway.route.RouteDefinitionRouteLocator Loaded RoutePredicateFactory [Method]
2020-04-24 17:35:34 INFO  SEVEN-Gateway main org.springframework.cloud.gateway.route.RouteDefinitionRouteLocator Loaded RoutePredicateFactory [Path]
2020-04-24 17:35:34 INFO  SEVEN-Gateway main org.springframework.cloud.gateway.route.RouteDefinitionRouteLocator Loaded RoutePredicateFactory [Query]
2020-04-24 17:35:34 INFO  SEVEN-Gateway main org.springframework.cloud.gateway.route.RouteDefinitionRouteLocator Loaded RoutePredicateFactory [ReadBodyPredicateFactory]
2020-04-24 17:35:34 INFO  SEVEN-Gateway main org.springframework.cloud.gateway.route.RouteDefinitionRouteLocator Loaded RoutePredicateFactory [RemoteAddr]
2020-04-24 17:35:34 INFO  SEVEN-Gateway main org.springframework.cloud.gateway.route.RouteDefinitionRouteLocator Loaded RoutePredicateFactory [Weight]
2020-04-24 17:35:34 INFO  SEVEN-Gateway main org.springframework.cloud.gateway.route.RouteDefinitionRouteLocator Loaded RoutePredicateFactory [CloudFoundryRouteService]
2020-04-24 17:35:34 INFO  SEVEN-Gateway main com.alibaba.nacos.client.naming initializer namespace from System Property :null
2020-04-24 17:35:34 INFO  SEVEN-Gateway main com.alibaba.nacos.client.naming initializer namespace from System Environment :null
2020-04-24 17:35:34 INFO  SEVEN-Gateway main com.alibaba.nacos.client.naming initializer namespace from System Property :null
2020-04-24 17:35:35 INFO  SEVEN-Gateway main org.mongodb.driver.cluster Cluster created with settings {hosts=[localhost:27017], mode=SINGLE, requiredClusterType=UNKNOWN, serverSelectionTimeout='30000 ms', maxWaitQueueSize=500}
2020-04-24 17:35:36 INFO  SEVEN-Gateway main org.mongodb.driver.cluster Cluster created with settings {hosts=[localhost:27017], mode=SINGLE, requiredClusterType=UNKNOWN, serverSelectionTimeout='30000 ms', maxWaitQueueSize=500}
2020-04-24 17:35:37 INFO  SEVEN-Gateway main org.springframework.boot.actuate.endpoint.web.EndpointLinksResolver Exposing 2 endpoint(s) beneath base path '/actuator'
2020-04-24 17:35:37 INFO  SEVEN-Gateway main org.springframework.scheduling.concurrent.ThreadPoolTaskScheduler Initializing ExecutorService 'Nacso-Watch-Task-Scheduler'
2020-04-24 17:35:38 INFO  SEVEN-Gateway cluster-ClusterId{value='5ea2b2e88013b74c624ad7ab', description='null'}-localhost:27017 org.mongodb.driver.cluster Exception in monitor thread while connecting to server localhost:27017
com.mongodb.MongoSocketOpenException: Exception opening socket
	at com.mongodb.internal.connection.SocketStream.open(SocketStream.java:70)
	at com.mongodb.internal.connection.InternalStreamConnection.open(InternalStreamConnection.java:128)
	at com.mongodb.internal.connection.DefaultServerMonitor$ServerMonitorRunnable.run(DefaultServerMonitor.java:117)
	at java.lang.Thread.run(Thread.java:748)
Caused by: java.net.ConnectException: Connection refused: connect
	at java.net.DualStackPlainSocketImpl.waitForConnect(Native Method)
	at java.net.DualStackPlainSocketImpl.socketConnect(DualStackPlainSocketImpl.java:85)
	at java.net.AbstractPlainSocketImpl.doConnect(AbstractPlainSocketImpl.java:350)
	at java.net.AbstractPlainSocketImpl.connectToAddress(AbstractPlainSocketImpl.java:206)
	at java.net.AbstractPlainSocketImpl.connect(AbstractPlainSocketImpl.java:188)
	at java.net.PlainSocketImpl.connect(PlainSocketImpl.java:172)
	at java.net.SocksSocketImpl.connect(SocksSocketImpl.java:392)
	at java.net.Socket.connect(Socket.java:589)
	at com.mongodb.internal.connection.SocketStreamHelper.initialize(SocketStreamHelper.java:64)
	at com.mongodb.internal.connection.SocketStream.initializeSocket(SocketStream.java:79)
	at com.mongodb.internal.connection.SocketStream.open(SocketStream.java:65)
	... 3 common frames omitted
2020-04-24 17:35:39 INFO  SEVEN-Gateway main org.springframework.boot.web.embedded.netty.NettyWebServer Netty started on port(s): 8080
2020-04-24 17:35:39 INFO  SEVEN-Gateway cluster-ClusterId{value='5ea2b2e78013b74c624ad7aa', description='null'}-localhost:27017 org.mongodb.driver.cluster Exception in monitor thread while connecting to server localhost:27017
com.mongodb.MongoSocketOpenException: Exception opening socket
	at com.mongodb.connection.netty.NettyStream$OpenChannelFutureListener.operationComplete(NettyStream.java:410)
	at com.mongodb.connection.netty.NettyStream$OpenChannelFutureListener.operationComplete(NettyStream.java:385)
	at io.netty.util.concurrent.DefaultPromise.notifyListener0(DefaultPromise.java:577)
	at io.netty.util.concurrent.DefaultPromise.notifyListeners0(DefaultPromise.java:570)
	at io.netty.util.concurrent.DefaultPromise.notifyListenersNow(DefaultPromise.java:549)
	at io.netty.util.concurrent.DefaultPromise.notifyListeners(DefaultPromise.java:490)
	at io.netty.util.concurrent.DefaultPromise.setValue0(DefaultPromise.java:615)
	at io.netty.util.concurrent.DefaultPromise.setFailure0(DefaultPromise.java:608)
	at io.netty.util.concurrent.DefaultPromise.tryFailure(DefaultPromise.java:117)
	at io.netty.channel.nio.AbstractNioChannel$AbstractNioUnsafe.fulfillConnectPromise(AbstractNioChannel.java:321)
	at io.netty.channel.nio.AbstractNioChannel$AbstractNioUnsafe.finishConnect(AbstractNioChannel.java:337)
	at io.netty.channel.nio.NioEventLoop.processSelectedKey(NioEventLoop.java:702)
	at io.netty.channel.nio.NioEventLoop.processSelectedKeysOptimized(NioEventLoop.java:650)
	at io.netty.channel.nio.NioEventLoop.processSelectedKeys(NioEventLoop.java:576)
	at io.netty.channel.nio.NioEventLoop.run(NioEventLoop.java:493)
	at io.netty.util.concurrent.SingleThreadEventExecutor$4.run(SingleThreadEventExecutor.java:989)
	at io.netty.util.internal.ThreadExecutorMap$2.run(ThreadExecutorMap.java:74)
	at io.netty.util.concurrent.FastThreadLocalRunnable.run(FastThreadLocalRunnable.java:30)
	at java.lang.Thread.run(Thread.java:748)
Caused by: io.netty.channel.AbstractChannel$AnnotatedConnectException: Connection refused: no further information: localhost/0:0:0:0:0:0:0:1:27017
Caused by: java.net.ConnectException: Connection refused: no further information
	at sun.nio.ch.SocketChannelImpl.checkConnect(Native Method)
	at sun.nio.ch.SocketChannelImpl.finishConnect(SocketChannelImpl.java:717)
	at io.netty.channel.socket.nio.NioSocketChannel.doFinishConnect(NioSocketChannel.java:330)
	at io.netty.channel.nio.AbstractNioChannel$AbstractNioUnsafe.finishConnect(AbstractNioChannel.java:334)
	at io.netty.channel.nio.NioEventLoop.processSelectedKey(NioEventLoop.java:702)
	at io.netty.channel.nio.NioEventLoop.processSelectedKeysOptimized(NioEventLoop.java:650)
	at io.netty.channel.nio.NioEventLoop.processSelectedKeys(NioEventLoop.java:576)
	at io.netty.channel.nio.NioEventLoop.run(NioEventLoop.java:493)
	at io.netty.util.concurrent.SingleThreadEventExecutor$4.run(SingleThreadEventExecutor.java:989)
	at io.netty.util.internal.ThreadExecutorMap$2.run(ThreadExecutorMap.java:74)
	at io.netty.util.concurrent.FastThreadLocalRunnable.run(FastThreadLocalRunnable.java:30)
	at java.lang.Thread.run(Thread.java:748)
2020-04-24 17:35:40 INFO  SEVEN-Gateway main com.alibaba.nacos.client.naming [BEAT] adding beat: {"cluster":"DEFAULT","ip":"172.30.36.107","metadata":{"preserved.register.source":"SPRING_CLOUD"},"period":5000,"port":8080,"scheduled":false,"serviceName":"DEFAULT_GROUP@@SEVEN-Gateway","stopped":false,"weight":1.0} to beat map.
2020-04-24 17:35:40 INFO  SEVEN-Gateway main com.alibaba.nacos.client.naming [REGISTER-SERVICE] public registering service DEFAULT_GROUP@@SEVEN-Gateway with instance: {"clusterName":"DEFAULT","enabled":true,"ephemeral":true,"healthy":true,"instanceHeartBeatInterval":5000,"instanceHeartBeatTimeOut":15000,"ip":"172.30.36.107","ipDeleteTimeout":30000,"metadata":{"preserved.register.source":"SPRING_CLOUD"},"port":8080,"weight":1.0}
2020-04-24 17:35:41 INFO  SEVEN-Gateway main com.alibaba.cloud.nacos.registry.NacosServiceRegistry nacos registry, DEFAULT_GROUP SEVEN-Gateway 172.30.36.107:8080 register finished
2020-04-24 17:35:41 INFO  SEVEN-Gateway main cc.seven.gateway.SevenGatewayApplication Started SevenGatewayApplication in 14.738 seconds (JVM running for 15.503)
2020-04-24 17:35:41 INFO  SEVEN-Gateway main com.alibaba.nacos.client.config.impl.ClientWorker [fixed-${nacos.url}_8001] [subscribe] seven-gateway.yaml+DEFAULT_GROUP
2020-04-24 17:35:41 INFO  SEVEN-Gateway main com.alibaba.nacos.client.config.impl.CacheData [fixed-${nacos.url}_8001] [add-listener] ok, tenant=, dataId=seven-gateway.yaml, group=DEFAULT_GROUP, cnt=1
2020-04-24 17:35:41 INFO  SEVEN-Gateway main com.alibaba.nacos.client.config.impl.ClientWorker [fixed-${nacos.url}_8001] [subscribe] seven-gateway+DEFAULT_GROUP
2020-04-24 17:35:41 INFO  SEVEN-Gateway main com.alibaba.nacos.client.config.impl.CacheData [fixed-${nacos.url}_8001] [add-listener] ok, tenant=, dataId=seven-gateway, group=DEFAULT_GROUP, cnt=1
2020-04-24 17:36:13 INFO  SEVEN-Gateway main org.springframework.context.support.PostProcessorRegistrationDelegate$BeanPostProcessorChecker Bean 'org.springframework.cloud.autoconfigure.ConfigurationPropertiesRebinderAutoConfiguration' of type [org.springframework.cloud.autoconfigure.ConfigurationPropertiesRebinderAutoConfiguration] is not eligible for getting processed by all BeanPostProcessors (for example: not eligible for auto-proxying)
2020-04-24 17:36:14 INFO  SEVEN-Gateway main com.alibaba.nacos.client.config.impl.LocalConfigInfoProcessor LOCAL_SNAPSHOT_PATH:C:\Users\chendongdong\nacos\config
2020-04-24 17:36:14 INFO  SEVEN-Gateway main com.alibaba.nacos.client.config.impl.Limiter limitTime:5.0
2020-04-24 17:36:15 INFO  SEVEN-Gateway main com.alibaba.nacos.client.config.utils.JVMUtil isMultiInstance:false
2020-04-24 17:36:15 INFO  SEVEN-Gateway main org.springframework.cloud.bootstrap.config.PropertySourceBootstrapConfiguration Located property source: CompositePropertySource {name='NACOS', propertySources=[NacosPropertySource {name='seven-gateway.yaml,DEFAULT_GROUP'}, NacosPropertySource {name='seven-gateway,DEFAULT_GROUP'}]}
2020-04-24 17:36:15 INFO  SEVEN-Gateway main cc.seven.gateway.SevenGatewayApplication No active profile set, falling back to default profiles: default
2020-04-24 17:36:16 INFO  SEVEN-Gateway main org.springframework.data.repository.config.RepositoryConfigurationDelegate Bootstrapping Spring Data MongoDB repositories in DEFAULT mode.
2020-04-24 17:36:16 INFO  SEVEN-Gateway main org.springframework.data.repository.config.RepositoryConfigurationDelegate Finished Spring Data repository scanning in 16ms. Found 0 MongoDB repository interfaces.
2020-04-24 17:36:16 INFO  SEVEN-Gateway main org.springframework.cloud.context.scope.GenericScope BeanFactory id=57d889ac-fe16-3a45-bbd1-5eb7ff3e1bfb
2020-04-24 17:36:17 INFO  SEVEN-Gateway main org.springframework.context.support.PostProcessorRegistrationDelegate$BeanPostProcessorChecker Bean 'org.springframework.cloud.autoconfigure.ConfigurationPropertiesRebinderAutoConfiguration' of type [org.springframework.cloud.autoconfigure.ConfigurationPropertiesRebinderAutoConfiguration] is not eligible for getting processed by all BeanPostProcessors (for example: not eligible for auto-proxying)
2020-04-24 17:36:17 INFO  SEVEN-Gateway main org.springframework.context.support.PostProcessorRegistrationDelegate$BeanPostProcessorChecker Bean 'org.springframework.cloud.client.loadbalancer.reactive.LoadBalancerBeanPostProcessorAutoConfiguration' of type [org.springframework.cloud.client.loadbalancer.reactive.LoadBalancerBeanPostProcessorAutoConfiguration] is not eligible for getting processed by all BeanPostProcessors (for example: not eligible for auto-proxying)
2020-04-24 17:36:17 INFO  SEVEN-Gateway main org.springframework.context.support.PostProcessorRegistrationDelegate$BeanPostProcessorChecker Bean 'org.springframework.cloud.client.loadbalancer.reactive.LoadBalancerBeanPostProcessorAutoConfiguration$ReactiveLoadBalancerConfig' of type [org.springframework.cloud.client.loadbalancer.reactive.LoadBalancerBeanPostProcessorAutoConfiguration$ReactiveLoadBalancerConfig] is not eligible for getting processed by all BeanPostProcessors (for example: not eligible for auto-proxying)
2020-04-24 17:36:17 INFO  SEVEN-Gateway main org.springframework.context.support.PostProcessorRegistrationDelegate$BeanPostProcessorChecker Bean 'deferringLoadBalancerExchangeFilterFunction' of type [org.springframework.cloud.client.loadbalancer.reactive.DeferringLoadBalancerExchangeFilterFunction] is not eligible for getting processed by all BeanPostProcessors (for example: not eligible for auto-proxying)
2020-04-24 17:36:17 INFO  SEVEN-Gateway main org.springframework.boot.autoconfigure.security.reactive.ReactiveUserDetailsServiceAutoConfiguration 

Using generated security password: 0667e86c-ba6a-437e-b9ea-5c69ddca74ae

2020-04-24 17:36:17 INFO  SEVEN-Gateway main com.netflix.config.sources.URLConfigurationSource To enable URLs as dynamic configuration sources, define System property archaius.configurationSource.additionalUrls or make config.properties available on classpath.
2020-04-24 17:36:17 INFO  SEVEN-Gateway main com.netflix.config.sources.URLConfigurationSource To enable URLs as dynamic configuration sources, define System property archaius.configurationSource.additionalUrls or make config.properties available on classpath.
2020-04-24 17:36:20 INFO  SEVEN-Gateway main org.springframework.cloud.gateway.route.RouteDefinitionRouteLocator Loaded RoutePredicateFactory [After]
2020-04-24 17:36:20 INFO  SEVEN-Gateway main org.springframework.cloud.gateway.route.RouteDefinitionRouteLocator Loaded RoutePredicateFactory [Before]
2020-04-24 17:36:20 INFO  SEVEN-Gateway main org.springframework.cloud.gateway.route.RouteDefinitionRouteLocator Loaded RoutePredicateFactory [Between]
2020-04-24 17:36:20 INFO  SEVEN-Gateway main org.springframework.cloud.gateway.route.RouteDefinitionRouteLocator Loaded RoutePredicateFactory [Cookie]
2020-04-24 17:36:20 INFO  SEVEN-Gateway main org.springframework.cloud.gateway.route.RouteDefinitionRouteLocator Loaded RoutePredicateFactory [Header]
2020-04-24 17:36:20 INFO  SEVEN-Gateway main org.springframework.cloud.gateway.route.RouteDefinitionRouteLocator Loaded RoutePredicateFactory [Host]
2020-04-24 17:36:20 INFO  SEVEN-Gateway main org.springframework.cloud.gateway.route.RouteDefinitionRouteLocator Loaded RoutePredicateFactory [Method]
2020-04-24 17:36:20 INFO  SEVEN-Gateway main org.springframework.cloud.gateway.route.RouteDefinitionRouteLocator Loaded RoutePredicateFactory [Path]
2020-04-24 17:36:20 INFO  SEVEN-Gateway main org.springframework.cloud.gateway.route.RouteDefinitionRouteLocator Loaded RoutePredicateFactory [Query]
2020-04-24 17:36:20 INFO  SEVEN-Gateway main org.springframework.cloud.gateway.route.RouteDefinitionRouteLocator Loaded RoutePredicateFactory [ReadBodyPredicateFactory]
2020-04-24 17:36:20 INFO  SEVEN-Gateway main org.springframework.cloud.gateway.route.RouteDefinitionRouteLocator Loaded RoutePredicateFactory [RemoteAddr]
2020-04-24 17:36:20 INFO  SEVEN-Gateway main org.springframework.cloud.gateway.route.RouteDefinitionRouteLocator Loaded RoutePredicateFactory [Weight]
2020-04-24 17:36:20 INFO  SEVEN-Gateway main org.springframework.cloud.gateway.route.RouteDefinitionRouteLocator Loaded RoutePredicateFactory [CloudFoundryRouteService]
2020-04-24 17:36:20 INFO  SEVEN-Gateway main com.alibaba.nacos.client.naming initializer namespace from System Property :null
2020-04-24 17:36:20 INFO  SEVEN-Gateway main com.alibaba.nacos.client.naming initializer namespace from System Environment :null
2020-04-24 17:36:20 INFO  SEVEN-Gateway main com.alibaba.nacos.client.naming initializer namespace from System Property :null
2020-04-24 17:36:21 INFO  SEVEN-Gateway main org.springframework.boot.actuate.endpoint.web.EndpointLinksResolver Exposing 3 endpoint(s) beneath base path '/actuator'
2020-04-24 17:36:21 INFO  SEVEN-Gateway main org.springframework.scheduling.concurrent.ThreadPoolTaskScheduler Initializing ExecutorService 'Nacso-Watch-Task-Scheduler'
2020-04-24 17:36:23 INFO  SEVEN-Gateway main org.springframework.boot.autoconfigure.logging.ConditionEvaluationReportLoggingListener 

Error starting ApplicationContext. To display the conditions report re-run your application with 'debug' enabled.
